Using pre-set license
Built from '2021.3/staging' branch; Version is '2021.3.10f1 (1c7d0df0160b) revision 1867021'; Using compiler version '192829333'; Build Type 'Release'
OS: 'Windows 10  (10.0.19042) 64bit Core' Language: 'ru' Physical Memory: 15696 MB
BatchMode: 1, IsHumanControllingUs: 0, StartBugReporterOnCrash: 0, Is64bit: 1, IsPro: 1

COMMAND LINE ARGUMENTS:
C:\Program Files\Unity\Hub\Editor\2021.3.10f1\Editor\Unity.exe
-adb2
-batchMode
-noUpm
-name
AssetImportWorker4
-projectPath
C:/Users/vasert/Documents/GitHub/RufusTeam/asteroid
-logFile
Logs/AssetImportWorker4.log
-srvPort
65359
Successfully changed project path to: C:/Users/vasert/Documents/GitHub/RufusTeam/asteroid
C:/Users/vasert/Documents/GitHub/RufusTeam/asteroid
[UnityMemory] Configuration Parameters - Can be set up in boot.config
    "memorysetup-bucket-allocator-granularity=16"
    "memorysetup-bucket-allocator-bucket-count=8"
    "memorysetup-bucket-allocator-block-size=33554432"
    "memorysetup-bucket-allocator-block-count=8"
    "memorysetup-main-allocator-block-size=16777216"
    "memorysetup-thread-allocator-block-size=16777216"
    "memorysetup-gfx-main-allocator-block-size=16777216"
    "memorysetup-gfx-thread-allocator-block-size=16777216"
    "memorysetup-cache-allocator-block-size=4194304"
    "memorysetup-typetree-allocator-block-size=2097152"
    "memorysetup-profiler-bucket-allocator-granularity=16"
    "memorysetup-profiler-bucket-allocator-bucket-count=8"
    "memorysetup-profiler-bucket-allocator-block-size=33554432"
    "memorysetup-profiler-bucket-allocator-block-count=8"
    "memorysetup-profiler-allocator-block-size=16777216"
    "memorysetup-profiler-editor-allocator-block-size=1048576"
    "memorysetup-temp-allocator-size-main=16777216"
    "memorysetup-job-temp-allocator-block-size=2097152"
    "memorysetup-job-temp-allocator-block-size-background=1048576"
    "memorysetup-job-temp-allocator-reduction-small-platforms=262144"
    "memorysetup-temp-allocator-size-background-worker=32768"
    "memorysetup-temp-allocator-size-job-worker=262144"
    "memorysetup-temp-allocator-size-preload-manager=33554432"
    "memorysetup-temp-allocator-size-nav-mesh-worker=65536"
    "memorysetup-temp-allocator-size-audio-worker=65536"
    "memorysetup-temp-allocator-size-cloud-worker=32768"
    "memorysetup-temp-allocator-size-gi-baking-worker=262144"
    "memorysetup-temp-allocator-size-gfx=262144"
Refreshing native plugins compatible for Editor in 116.69 ms, found 3 plugins.
Preloading 0 native plugins for Editor in 0.00 ms.
Initialize engine version: 2021.3.10f1 (1c7d0df0160b)
[Subsystems] Discovering subsystems at path C:/Program Files/Unity/Hub/Editor/2021.3.10f1/Editor/Data/Resources/UnitySubsystems
[Subsystems] Discovering subsystems at path C:/Users/vasert/Documents/GitHub/RufusTeam/asteroid/Assets
GfxDevice: creating device client; threaded=0; jobified=0
Direct3D:
    Version:  Direct3D 11.0 [level 11.1]
    Renderer: AMD Radeon(TM) Graphics (ID=0x164c)
    Vendor:   ATI
    VRAM:     7848 MB
    Driver:   27.20.14032.8
Initialize mono
Mono path[0] = 'C:/Program Files/Unity/Hub/Editor/2021.3.10f1/Editor/Data/Managed'
Mono path[1] = 'C:/Program Files/Unity/Hub/Editor/2021.3.10f1/Editor/Data/MonoBleedingEdge/lib/mono/unityjit-win32'
Mono config path = 'C:/Program Files/Unity/Hub/Editor/2021.3.10f1/Editor/Data/MonoBleedingEdge/etc'
Using monoOptions --debugger-agent=transport=dt_socket,embedding=1,server=y,suspend=n,address=127.0.0.1:56844
Begin MonoManager ReloadAssembly
Registering precompiled unity dll's ...
Register platform support module: C:/Program Files/Unity/Hub/Editor/2021.3.10f1/Editor/Data/PlaybackEngines/WindowsStandaloneSupport/UnityEditor.WindowsStandalone.Extensions.dll
Registered in 0.006727 seconds.
Native extension for WindowsStandalone target not found
Refreshing native plugins compatible for Editor in 101.98 ms, found 3 plugins.
Preloading 0 native plugins for Editor in 0.00 ms.
Mono: successfully reloaded assembly
- Completed reload, in  0.639 seconds
Domain Reload Profiling:
	ReloadAssembly (640ms)
		BeginReloadAssembly (69ms)
			ExecutionOrderSort (0ms)
			DisableScriptedObjects (0ms)
			BackupInstance (0ms)
			ReleaseScriptingObjects (0ms)
			CreateAndSetChildDomain (1ms)
		EndReloadAssembly (464ms)
			LoadAssemblies (67ms)
			RebuildTransferFunctionScriptingTraits (0ms)
			SetupTypeCache (99ms)
			ReleaseScriptCaches (0ms)
			RebuildScriptCaches (30ms)
			SetupLoadedEditorAssemblies (285ms)
				LogAssemblyErrors (0ms)
				InitializePlatformSupportModulesInManaged (8ms)
				SetLoadedEditorAssemblies (0ms)
				RefreshPlugins (102ms)
				BeforeProcessingInitializeOnLoad (1ms)
				ProcessInitializeOnLoadAttributes (123ms)
				ProcessInitializeOnLoadMethodAttributes (51ms)
				AfterProcessingInitializeOnLoad (0ms)
				EditorAssembliesLoaded (0ms)
			ExecutionOrderSort2 (0ms)
			AwakeInstancesAfterBackupRestoration (0ms)
Platform modules already initialized, skipping
Registering precompiled user dll's ...
Registered in 0.006916 seconds.
Begin MonoManager ReloadAssembly
Symbol file LoadedFromMemory doesn't match image C:\Users\vasert\Documents\GitHub\RufusTeam\asteroid\Library\PackageCache\com.unity.visualscripting@1.7.8\Editor\VisualScripting.Core\Dependencies\YamlDotNet\Unity.VisualScripting.YamlDotNet.dll
Symbol file LoadedFromMemory doesn't match image C:\Users\vasert\Documents\GitHub\RufusTeam\asteroid\Library\PackageCache\com.unity.visualscripting@1.7.8\Editor\VisualScripting.Core\Dependencies\DotNetZip\Unity.VisualScripting.IonicZip.dll
Native extension for WindowsStandalone target not found
Refreshing native plugins compatible for Editor in 1.30 ms, found 3 plugins.
Preloading 0 native plugins for Editor in 0.00 ms.
Mono: successfully reloaded assembly
- Completed reload, in  1.163 seconds
Domain Reload Profiling:
	ReloadAssembly (1164ms)
		BeginReloadAssembly (121ms)
			ExecutionOrderSort (0ms)
			DisableScriptedObjects (6ms)
			BackupInstance (0ms)
			ReleaseScriptingObjects (0ms)
			CreateAndSetChildDomain (27ms)
		EndReloadAssembly (910ms)
			LoadAssemblies (87ms)
			RebuildTransferFunctionScriptingTraits (0ms)
			SetupTypeCache (289ms)
			ReleaseScriptCaches (1ms)
			RebuildScriptCaches (64ms)
			SetupLoadedEditorAssemblies (418ms)
				LogAssemblyErrors (0ms)
				InitializePlatformSupportModulesInManaged (6ms)
				SetLoadedEditorAssemblies (1ms)
				RefreshPlugins (1ms)
				BeforeProcessingInitializeOnLoad (107ms)
				ProcessInitializeOnLoadAttributes (261ms)
				ProcessInitializeOnLoadMethodAttributes (33ms)
				AfterProcessingInitializeOnLoad (9ms)
				EditorAssembliesLoaded (0ms)
			ExecutionOrderSort2 (0ms)
			AwakeInstancesAfterBackupRestoration (6ms)
Platform modules already initialized, skipping
========================================================================
Worker process is ready to serve import requests
Launched and connected shader compiler UnityShaderCompiler.exe after 0.04 seconds
Refreshing native plugins compatible for Editor in 0.90 ms, found 3 plugins.
Preloading 0 native plugins for Editor in 0.00 ms.
Unloading 3593 Unused Serialized files (Serialized files now loaded: 0)
Unloading 39 unused Assets / (1.3 MB). Loaded Objects now: 4045.
Memory consumption went from 136.1 MB to 134.8 MB.
Total: 3.714600 ms (FindLiveObjects: 0.434500 ms CreateObjectMapping: 0.172700 ms MarkObjects: 2.751800 ms  DeleteObjects: 0.353800 ms)

AssetImportParameters requested are different than current active one (requested -> active):
  custom:video-decoder-ogg-theora: a1e56fd34408186e4bbccfd4996cb3dc -> 
  custom:container-muxer-webm: aa71ff27fc2769a1b78a27578f13a17b -> 
  custom:container-demuxer-webm: 4f35f7cbe854078d1ac9338744f61a02 -> 
  custom:video-encoder-webm-vp8: eb34c28f22e8b96e1ab97ce403110664 -> 
  custom:audio-encoder-webm-vorbis: bf7c407c2cedff20999df2af8eb42d56 -> 
  custom:framework-win-MediaFoundation: 216162199b28c13a410421893ffa2e32 -> 
  custom:container-demuxer-ogg: 62fdf1f143b41e24485cea50d1cbac27 -> 
  custom:video-decoder-webm-vp8: 9c59270c3fd7afecdb556c50c9e8de78 -> 
  custom:audio-decoder-ogg-vorbis: bf7c407c2cedff20999df2af8eb42d56 -> 
========================================================================
Received Import Request.
  Time since last request: 64413.090798 seconds.
  path: Assets/Prefabs/Buttle.prefab
  artifactKey: Guid(10d11c513301a954c93d5894b262fc5a) Importer(815301076,1909f56bfc062723c751e8b465ee728b)
Start importing Assets/Prefabs/Buttle.prefab using Guid(10d11c513301a954c93d5894b262fc5a) Importer(815301076,1909f56bfc062723c751e8b465ee728b)  -> (artifact id: '62b5faabc863fe043f5ba23c591baf8a') in 0.132627 seconds 
========================================================================
Received Import Request.
  Time since last request: 0.000030 seconds.
  path: Assets/Prefabs/Enemy8.prefab
  artifactKey: Guid(483477b0761553048b5c5476bde5de35) Importer(815301076,1909f56bfc062723c751e8b465ee728b)
Start importing Assets/Prefabs/Enemy8.prefab using Guid(483477b0761553048b5c5476bde5de35) Importer(815301076,1909f56bfc062723c751e8b465ee728b)  -> (artifact id: 'd29413088953c9ceaf5a3a4a1ac34b5a') in 0.062924 seconds 
========================================================================
Received Import Request.
  Time since last request: 30.764155 seconds.
  path: Assets/Prefabs/Buttle.prefab
  artifactKey: Guid(10d11c513301a954c93d5894b262fc5a) Importer(815301076,1909f56bfc062723c751e8b465ee728b)
Start importing Assets/Prefabs/Buttle.prefab using Guid(10d11c513301a954c93d5894b262fc5a) Importer(815301076,1909f56bfc062723c751e8b465ee728b)  -> (artifact id: '3f7a7afe204955f7b142827f48bcbea2') in 0.014469 seconds 
========================================================================
Received Import Request.
  Time since last request: 0.000030 seconds.
  path: Assets/Prefabs/Enemy5.prefab
  artifactKey: Guid(a5ab08873b2facc49b38bde122450e0f) Importer(815301076,1909f56bfc062723c751e8b465ee728b)
Start importing Assets/Prefabs/Enemy5.prefab using Guid(a5ab08873b2facc49b38bde122450e0f) Importer(815301076,1909f56bfc062723c751e8b465ee728b)  -> (artifact id: '627416c47ba7ba49f5de10355e1d2abe') in 0.043173 seconds 
========================================================================
Received Import Request.
  Time since last request: 0.000037 seconds.
  path: Assets/Prefabs/Enemy4.prefab
  artifactKey: Guid(21b1c791ff37abc4eae019251d777a91) Importer(815301076,1909f56bfc062723c751e8b465ee728b)
Start importing Assets/Prefabs/Enemy4.prefab using Guid(21b1c791ff37abc4eae019251d777a91) Importer(815301076,1909f56bfc062723c751e8b465ee728b)  -> (artifact id: 'dfb9e3557699daa2f996a56008a0d5e1') in 0.053788 seconds 
========================================================================
Received Import Request.
  Time since last request: 3.307714 seconds.
  path: Assets/Prefabs/Buttle.prefab
  artifactKey: Guid(10d11c513301a954c93d5894b262fc5a) Importer(815301076,1909f56bfc062723c751e8b465ee728b)
Start importing Assets/Prefabs/Buttle.prefab using Guid(10d11c513301a954c93d5894b262fc5a) Importer(815301076,1909f56bfc062723c751e8b465ee728b)  -> (artifact id: '6e6aedb27e12aba0095151bdfcbb4a35') in 0.012478 seconds 
========================================================================
Received Import Request.
  Time since last request: 0.000036 seconds.
  path: Assets/Prefabs/Enemy5.prefab
  artifactKey: Guid(a5ab08873b2facc49b38bde122450e0f) Importer(815301076,1909f56bfc062723c751e8b465ee728b)
Start importing Assets/Prefabs/Enemy5.prefab using Guid(a5ab08873b2facc49b38bde122450e0f) Importer(815301076,1909f56bfc062723c751e8b465ee728b)  -> (artifact id: '55f15207e4ea0f45cca1d93b9048a80b') in 0.048954 seconds 
========================================================================
Received Import Request.
  Time since last request: 0.000044 seconds.
  path: Assets/Prefabs/Enemy6.prefab
  artifactKey: Guid(7f416f9b66de48f479a11c711f999beb) Importer(815301076,1909f56bfc062723c751e8b465ee728b)
Start importing Assets/Prefabs/Enemy6.prefab using Guid(7f416f9b66de48f479a11c711f999beb) Importer(815301076,1909f56bfc062723c751e8b465ee728b)  -> (artifact id: '1dcceb15d86a7463fca0bb6b75a33f4a') in 0.062330 seconds 
========================================================================
Received Import Request.
  Time since last request: 1.892952 seconds.
  path: Assets/Prefabs/Buttle.prefab
  artifactKey: Guid(10d11c513301a954c93d5894b262fc5a) Importer(815301076,1909f56bfc062723c751e8b465ee728b)
Start importing Assets/Prefabs/Buttle.prefab using Guid(10d11c513301a954c93d5894b262fc5a) Importer(815301076,1909f56bfc062723c751e8b465ee728b)  -> (artifact id: '40cfb9abc7a02ae189302283f50d1c52') in 0.013610 seconds 
========================================================================
Received Import Request.
  Time since last request: 0.000034 seconds.
  path: Assets/Prefabs/Enemy5.prefab
  artifactKey: Guid(a5ab08873b2facc49b38bde122450e0f) Importer(815301076,1909f56bfc062723c751e8b465ee728b)
Start importing Assets/Prefabs/Enemy5.prefab using Guid(a5ab08873b2facc49b38bde122450e0f) Importer(815301076,1909f56bfc062723c751e8b465ee728b)  -> (artifact id: '79dd8071bd8c1e90786e1f85b523a093') in 0.047910 seconds 
========================================================================
Received Import Request.
  Time since last request: 0.000029 seconds.
  path: Assets/Prefabs/Enemy6.prefab
  artifactKey: Guid(7f416f9b66de48f479a11c711f999beb) Importer(815301076,1909f56bfc062723c751e8b465ee728b)
Start importing Assets/Prefabs/Enemy6.prefab using Guid(7f416f9b66de48f479a11c711f999beb) Importer(815301076,1909f56bfc062723c751e8b465ee728b)  -> (artifact id: 'b6db37f88ce648f2af61fbb5e18aab80') in 0.056779 seconds 
========================================================================
Received Import Request.
  Time since last request: 7.348371 seconds.
  path: Assets/Prefabs/Buttle.prefab
  artifactKey: Guid(10d11c513301a954c93d5894b262fc5a) Importer(815301076,1909f56bfc062723c751e8b465ee728b)
Start importing Assets/Prefabs/Buttle.prefab using Guid(10d11c513301a954c93d5894b262fc5a) Importer(815301076,1909f56bfc062723c751e8b465ee728b)  -> (artifact id: '141dea4a7f587bf61eea7d79a4015306') in 0.016590 seconds 
========================================================================
Received Import Request.
  Time since last request: 0.000023 seconds.
  path: Assets/Prefabs/Enemy5.prefab
  artifactKey: Guid(a5ab08873b2facc49b38bde122450e0f) Importer(815301076,1909f56bfc062723c751e8b465ee728b)
Start importing Assets/Prefabs/Enemy5.prefab using Guid(a5ab08873b2facc49b38bde122450e0f) Importer(815301076,1909f56bfc062723c751e8b465ee728b)  -> (artifact id: 'fe260820ed517ea9ee21837c061140b7') in 0.043627 seconds 
========================================================================
Received Import Request.
  Time since last request: 0.000044 seconds.
  path: Assets/Prefabs/Enemy6.prefab
  artifactKey: Guid(7f416f9b66de48f479a11c711f999beb) Importer(815301076,1909f56bfc062723c751e8b465ee728b)
Start importing Assets/Prefabs/Enemy6.prefab using Guid(7f416f9b66de48f479a11c711f999beb) Importer(815301076,1909f56bfc062723c751e8b465ee728b)  -> (artifact id: 'b5b2004744729fda89ce5eecbdfecc71') in 0.047452 seconds 
========================================================================
Received Import Request.
  Time since last request: 10.327182 seconds.
  path: Assets/Materials/New Material.mat
  artifactKey: Guid(c22bd3c0b5b743e438299a86d6a0d1ec) Importer(815301076,1909f56bfc062723c751e8b465ee728b)
Start importing Assets/Materials/New Material.mat using Guid(c22bd3c0b5b743e438299a86d6a0d1ec) Importer(815301076,1909f56bfc062723c751e8b465ee728b)  -> (artifact id: '9227446a7e4528c5eb80b2dde56ae815') in 0.028968 seconds 
========================================================================
Received Prepare
Registering precompiled user dll's ...
Registered in 0.005135 seconds.
Begin MonoManager ReloadAssembly
Symbol file LoadedFromMemory doesn't match image C:\Users\vasert\Documents\GitHub\RufusTeam\asteroid\Library\PackageCache\com.unity.visualscripting@1.7.8\Editor\VisualScripting.Core\Dependencies\YamlDotNet\Unity.VisualScripting.YamlDotNet.dll
Symbol file LoadedFromMemory doesn't match image C:\Users\vasert\Documents\GitHub\RufusTeam\asteroid\Library\PackageCache\com.unity.visualscripting@1.7.8\Editor\VisualScripting.Core\Dependencies\DotNetZip\Unity.VisualScripting.IonicZip.dll
Native extension for WindowsStandalone target not found
Refreshing native plugins compatible for Editor in 1.05 ms, found 3 plugins.
Preloading 0 native plugins for Editor in 0.00 ms.
Mono: successfully reloaded assembly
- Completed reload, in  1.052 seconds
Domain Reload Profiling:
	ReloadAssembly (1053ms)
		BeginReloadAssembly (131ms)
			ExecutionOrderSort (0ms)
			DisableScriptedObjects (4ms)
			BackupInstance (0ms)
			ReleaseScriptingObjects (0ms)
			CreateAndSetChildDomain (38ms)
		EndReloadAssembly (822ms)
			LoadAssemblies (79ms)
			RebuildTransferFunctionScriptingTraits (0ms)
			SetupTypeCache (275ms)
			ReleaseScriptCaches (1ms)
			RebuildScriptCaches (46ms)
			SetupLoadedEditorAssemblies (369ms)
				LogAssemblyErrors (0ms)
				InitializePlatformSupportModulesInManaged (14ms)
				SetLoadedEditorAssemblies (0ms)
				RefreshPlugins (1ms)
				BeforeProcessingInitializeOnLoad (76ms)
				ProcessInitializeOnLoadAttributes (234ms)
				ProcessInitializeOnLoadMethodAttributes (31ms)
				AfterProcessingInitializeOnLoad (12ms)
				EditorAssembliesLoaded (0ms)
			ExecutionOrderSort2 (0ms)
			AwakeInstancesAfterBackupRestoration (6ms)
Platform modules already initialized, skipping
Refreshing native plugins compatible for Editor in 2.55 ms, found 3 plugins.
Preloading 0 native plugins for Editor in 0.00 ms.
Unloading 3546 Unused Serialized files (Serialized files now loaded: 0)
Unloading 32 unused Assets / (1.3 MB). Loaded Objects now: 4093.
Memory consumption went from 136.6 MB to 135.3 MB.
Total: 5.019400 ms (FindLiveObjects: 0.363200 ms CreateObjectMapping: 0.163000 ms MarkObjects: 3.892200 ms  DeleteObjects: 0.599200 ms)

AssetImportParameters requested are different than current active one (requested -> active):
  custom:video-decoder-ogg-theora: a1e56fd34408186e4bbccfd4996cb3dc -> 
  custom:container-muxer-webm: aa71ff27fc2769a1b78a27578f13a17b -> 
  custom:container-demuxer-webm: 4f35f7cbe854078d1ac9338744f61a02 -> 
  custom:video-encoder-webm-vp8: eb34c28f22e8b96e1ab97ce403110664 -> 
  custom:audio-encoder-webm-vorbis: bf7c407c2cedff20999df2af8eb42d56 -> 
  custom:framework-win-MediaFoundation: 216162199b28c13a410421893ffa2e32 -> 
  custom:container-demuxer-ogg: 62fdf1f143b41e24485cea50d1cbac27 -> 
  custom:video-decoder-webm-vp8: 9c59270c3fd7afecdb556c50c9e8de78 -> 
  custom:audio-decoder-ogg-vorbis: bf7c407c2cedff20999df2af8eb42d56 -> 
========================================================================
Received Import Request.
  Time since last request: 17.296242 seconds.
  path: Assets/Prefabs/Buttle.prefab
  artifactKey: Guid(10d11c513301a954c93d5894b262fc5a) Importer(815301076,1909f56bfc062723c751e8b465ee728b)
Start importing Assets/Prefabs/Buttle.prefab using Guid(10d11c513301a954c93d5894b262fc5a) Importer(815301076,1909f56bfc062723c751e8b465ee728b)  -> (artifact id: 'b46d9e758a573fb02fba07c96ac9dd84') in 0.075078 seconds 
========================================================================
Received Import Request.
  Time since last request: 0.000032 seconds.
  path: Assets/Prefabs/Enemy5.prefab
  artifactKey: Guid(a5ab08873b2facc49b38bde122450e0f) Importer(815301076,1909f56bfc062723c751e8b465ee728b)
Start importing Assets/Prefabs/Enemy5.prefab using Guid(a5ab08873b2facc49b38bde122450e0f) Importer(815301076,1909f56bfc062723c751e8b465ee728b)  -> (artifact id: 'e2f6e937ada535e55f30fdc3d73cd87b') in 0.081100 seconds 
========================================================================
Received Import Request.
  Time since last request: 0.000037 seconds.
  path: Assets/Prefabs/Enemy6.prefab
  artifactKey: Guid(7f416f9b66de48f479a11c711f999beb) Importer(815301076,1909f56bfc062723c751e8b465ee728b)
Start importing Assets/Prefabs/Enemy6.prefab using Guid(7f416f9b66de48f479a11c711f999beb) Importer(815301076,1909f56bfc062723c751e8b465ee728b)  -> (artifact id: '9dcb25cb55db21a7a0f478e2f6682705') in 0.058466 seconds 
========================================================================
Received Import Request.
  Time since last request: 9.260285 seconds.
  path: Assets/Prefabs/Buttle.prefab
  artifactKey: Guid(10d11c513301a954c93d5894b262fc5a) Importer(815301076,1909f56bfc062723c751e8b465ee728b)
Start importing Assets/Prefabs/Buttle.prefab using Guid(10d11c513301a954c93d5894b262fc5a) Importer(815301076,1909f56bfc062723c751e8b465ee728b)  -> (artifact id: 'd69807901b79761ce57fea8353c279c0') in 0.021540 seconds 
========================================================================
Received Import Request.
  Time since last request: 0.000028 seconds.
  path: Assets/Prefabs/Enemy5.prefab
  artifactKey: Guid(a5ab08873b2facc49b38bde122450e0f) Importer(815301076,1909f56bfc062723c751e8b465ee728b)
Start importing Assets/Prefabs/Enemy5.prefab using Guid(a5ab08873b2facc49b38bde122450e0f) Importer(815301076,1909f56bfc062723c751e8b465ee728b)  -> (artifact id: '19db12a1cdc591bddf7be75e9d7acdf9') in 0.070168 seconds 
========================================================================
Received Import Request.
  Time since last request: 0.000033 seconds.
  path: Assets/Prefabs/Enemy6.prefab
  artifactKey: Guid(7f416f9b66de48f479a11c711f999beb) Importer(815301076,1909f56bfc062723c751e8b465ee728b)
Start importing Assets/Prefabs/Enemy6.prefab using Guid(7f416f9b66de48f479a11c711f999beb) Importer(815301076,1909f56bfc062723c751e8b465ee728b)  -> (artifact id: '818a2681c3fd75e1ab4b8be3fa252d87') in 0.057560 seconds 
========================================================================
Received Prepare
Registering precompiled user dll's ...
Registered in 0.005288 seconds.
Begin MonoManager ReloadAssembly
Symbol file LoadedFromMemory doesn't match image C:\Users\vasert\Documents\GitHub\RufusTeam\asteroid\Library\PackageCache\com.unity.visualscripting@1.7.8\Editor\VisualScripting.Core\Dependencies\YamlDotNet\Unity.VisualScripting.YamlDotNet.dll
Symbol file LoadedFromMemory doesn't match image C:\Users\vasert\Documents\GitHub\RufusTeam\asteroid\Library\PackageCache\com.unity.visualscripting@1.7.8\Editor\VisualScripting.Core\Dependencies\DotNetZip\Unity.VisualScripting.IonicZip.dll
Native extension for WindowsStandalone target not found
Refreshing native plugins compatible for Editor in 1.04 ms, found 3 plugins.
Preloading 0 native plugins for Editor in 0.00 ms.
Mono: successfully reloaded assembly
- Completed reload, in  1.049 seconds
Domain Reload Profiling:
	ReloadAssembly (1050ms)
		BeginReloadAssembly (137ms)
			ExecutionOrderSort (0ms)
			DisableScriptedObjects (5ms)
			BackupInstance (0ms)
			ReleaseScriptingObjects (0ms)
			CreateAndSetChildDomain (38ms)
		EndReloadAssembly (812ms)
			LoadAssemblies (86ms)
			RebuildTransferFunctionScriptingTraits (0ms)
			SetupTypeCache (261ms)
			ReleaseScriptCaches (2ms)
			RebuildScriptCaches (45ms)
			SetupLoadedEditorAssemblies (369ms)
				LogAssemblyErrors (0ms)
				InitializePlatformSupportModulesInManaged (14ms)
				SetLoadedEditorAssemblies (0ms)
				RefreshPlugins (1ms)
				BeforeProcessingInitializeOnLoad (76ms)
				ProcessInitializeOnLoadAttributes (229ms)
				ProcessInitializeOnLoadMethodAttributes (36ms)
				AfterProcessingInitializeOnLoad (13ms)
				EditorAssembliesLoaded (0ms)
			ExecutionOrderSort2 (0ms)
			AwakeInstancesAfterBackupRestoration (7ms)
Platform modules already initialized, skipping
Refreshing native plugins compatible for Editor in 3.47 ms, found 3 plugins.
Preloading 0 native plugins for Editor in 0.00 ms.
Unloading 3546 Unused Serialized files (Serialized files now loaded: 0)
Unloading 32 unused Assets / (1.3 MB). Loaded Objects now: 4096.
Memory consumption went from 136.7 MB to 135.3 MB.
Total: 5.073000 ms (FindLiveObjects: 0.665700 ms CreateObjectMapping: 0.178600 ms MarkObjects: 3.577100 ms  DeleteObjects: 0.649300 ms)

AssetImportParameters requested are different than current active one (requested -> active):
  custom:video-decoder-ogg-theora: a1e56fd34408186e4bbccfd4996cb3dc -> 
  custom:container-muxer-webm: aa71ff27fc2769a1b78a27578f13a17b -> 
  custom:container-demuxer-webm: 4f35f7cbe854078d1ac9338744f61a02 -> 
  custom:video-encoder-webm-vp8: eb34c28f22e8b96e1ab97ce403110664 -> 
  custom:audio-encoder-webm-vorbis: bf7c407c2cedff20999df2af8eb42d56 -> 
  custom:framework-win-MediaFoundation: 216162199b28c13a410421893ffa2e32 -> 
  custom:container-demuxer-ogg: 62fdf1f143b41e24485cea50d1cbac27 -> 
  custom:video-decoder-webm-vp8: 9c59270c3fd7afecdb556c50c9e8de78 -> 
  custom:audio-decoder-ogg-vorbis: bf7c407c2cedff20999df2af8eb42d56 -> 
========================================================================
Received Prepare
Registering precompiled user dll's ...
Registered in 0.005447 seconds.
Begin MonoManager ReloadAssembly
Symbol file LoadedFromMemory doesn't match image C:\Users\vasert\Documents\GitHub\RufusTeam\asteroid\Library\PackageCache\com.unity.visualscripting@1.7.8\Editor\VisualScripting.Core\Dependencies\YamlDotNet\Unity.VisualScripting.YamlDotNet.dll
Symbol file LoadedFromMemory doesn't match image C:\Users\vasert\Documents\GitHub\RufusTeam\asteroid\Library\PackageCache\com.unity.visualscripting@1.7.8\Editor\VisualScripting.Core\Dependencies\DotNetZip\Unity.VisualScripting.IonicZip.dll
Native extension for WindowsStandalone target not found
Refreshing native plugins compatible for Editor in 1.02 ms, found 3 plugins.
Preloading 0 native plugins for Editor in 0.00 ms.
Mono: successfully reloaded assembly
- Completed reload, in  1.040 seconds
Domain Reload Profiling:
	ReloadAssembly (1041ms)
		BeginReloadAssembly (147ms)
			ExecutionOrderSort (0ms)
			DisableScriptedObjects (5ms)
			BackupInstance (0ms)
			ReleaseScriptingObjects (0ms)
			CreateAndSetChildDomain (35ms)
		EndReloadAssembly (788ms)
			LoadAssemblies (98ms)
			RebuildTransferFunctionScriptingTraits (0ms)
			SetupTypeCache (260ms)
			ReleaseScriptCaches (1ms)
			RebuildScriptCaches (44ms)
			SetupLoadedEditorAssemblies (353ms)
				LogAssemblyErrors (0ms)
				InitializePlatformSupportModulesInManaged (14ms)
				SetLoadedEditorAssemblies (0ms)
				RefreshPlugins (1ms)
				BeforeProcessingInitializeOnLoad (75ms)
				ProcessInitializeOnLoadAttributes (213ms)
				ProcessInitializeOnLoadMethodAttributes (36ms)
				AfterProcessingInitializeOnLoad (13ms)
				EditorAssembliesLoaded (0ms)
			ExecutionOrderSort2 (0ms)
			AwakeInstancesAfterBackupRestoration (6ms)
Platform modules already initialized, skipping
Refreshing native plugins compatible for Editor in 3.35 ms, found 3 plugins.
Preloading 0 native plugins for Editor in 0.00 ms.
Unloading 3546 Unused Serialized files (Serialized files now loaded: 0)
Unloading 32 unused Assets / (1.3 MB). Loaded Objects now: 4099.
Memory consumption went from 136.7 MB to 135.4 MB.
Total: 4.492600 ms (FindLiveObjects: 0.360900 ms CreateObjectMapping: 0.095400 ms MarkObjects: 3.563300 ms  DeleteObjects: 0.471100 ms)

AssetImportParameters requested are different than current active one (requested -> active):
  custom:video-decoder-ogg-theora: a1e56fd34408186e4bbccfd4996cb3dc -> 
  custom:container-muxer-webm: aa71ff27fc2769a1b78a27578f13a17b -> 
  custom:container-demuxer-webm: 4f35f7cbe854078d1ac9338744f61a02 -> 
  custom:video-encoder-webm-vp8: eb34c28f22e8b96e1ab97ce403110664 -> 
  custom:audio-encoder-webm-vorbis: bf7c407c2cedff20999df2af8eb42d56 -> 
  custom:framework-win-MediaFoundation: 216162199b28c13a410421893ffa2e32 -> 
  custom:container-demuxer-ogg: 62fdf1f143b41e24485cea50d1cbac27 -> 
  custom:video-decoder-webm-vp8: 9c59270c3fd7afecdb556c50c9e8de78 -> 
  custom:audio-decoder-ogg-vorbis: bf7c407c2cedff20999df2af8eb42d56 -> 
========================================================================
Received Import Request.
  Time since last request: 20.558917 seconds.
  path: Assets/Prefabs/Buttle.prefab
  artifactKey: Guid(10d11c513301a954c93d5894b262fc5a) Importer(815301076,1909f56bfc062723c751e8b465ee728b)
Start importing Assets/Prefabs/Buttle.prefab using Guid(10d11c513301a954c93d5894b262fc5a) Importer(815301076,1909f56bfc062723c751e8b465ee728b)  -> (artifact id: '6e5438deeff31d3c937a865cad15bf41') in 0.095319 seconds 
========================================================================
Received Import Request.
  Time since last request: 0.000033 seconds.
  path: Assets/Prefabs/Enemy5.prefab
  artifactKey: Guid(a5ab08873b2facc49b38bde122450e0f) Importer(815301076,1909f56bfc062723c751e8b465ee728b)
Start importing Assets/Prefabs/Enemy5.prefab using Guid(a5ab08873b2facc49b38bde122450e0f) Importer(815301076,1909f56bfc062723c751e8b465ee728b)  -> (artifact id: '677e3f436ee39a3c9ffe1be2b7244108') in 0.066091 seconds 
========================================================================
Received Import Request.
  Time since last request: 0.000030 seconds.
  path: Assets/Prefabs/Enemy6.prefab
  artifactKey: Guid(7f416f9b66de48f479a11c711f999beb) Importer(815301076,1909f56bfc062723c751e8b465ee728b)
Start importing Assets/Prefabs/Enemy6.prefab using Guid(7f416f9b66de48f479a11c711f999beb) Importer(815301076,1909f56bfc062723c751e8b465ee728b)  -> (artifact id: '4570011b0809974eee1efabaed421dc6') in 0.039846 seconds 
========================================================================
Received Import Request.
  Time since last request: 12.904700 seconds.
  path: Assets/Prefabs/Buttle.prefab
  artifactKey: Guid(10d11c513301a954c93d5894b262fc5a) Importer(815301076,1909f56bfc062723c751e8b465ee728b)
Start importing Assets/Prefabs/Buttle.prefab using Guid(10d11c513301a954c93d5894b262fc5a) Importer(815301076,1909f56bfc062723c751e8b465ee728b)  -> (artifact id: '28d3a4891ca5b74ce94cf98f3c08aeca') in 0.014051 seconds 
========================================================================
Received Import Request.
  Time since last request: 0.000029 seconds.
  path: Assets/Prefabs/Enemy5.prefab
  artifactKey: Guid(a5ab08873b2facc49b38bde122450e0f) Importer(815301076,1909f56bfc062723c751e8b465ee728b)
Start importing Assets/Prefabs/Enemy5.prefab using Guid(a5ab08873b2facc49b38bde122450e0f) Importer(815301076,1909f56bfc062723c751e8b465ee728b)  -> (artifact id: '24ef21b9e4b2487f7ee98ac235732afd') in 0.050296 seconds 
========================================================================
Received Import Request.
  Time since last request: 0.000058 seconds.
  path: Assets/Prefabs/Enemy6.prefab
  artifactKey: Guid(7f416f9b66de48f479a11c711f999beb) Importer(815301076,1909f56bfc062723c751e8b465ee728b)
Start importing Assets/Prefabs/Enemy6.prefab using Guid(7f416f9b66de48f479a11c711f999beb) Importer(815301076,1909f56bfc062723c751e8b465ee728b)  -> (artifact id: '300e178b3d4b979d4b7693fa2a329d3b') in 0.060658 seconds 
========================================================================
Received Import Request.
  Time since last request: 2.668236 seconds.
  path: Assets/Prefabs/Buttle.prefab
  artifactKey: Guid(10d11c513301a954c93d5894b262fc5a) Importer(815301076,1909f56bfc062723c751e8b465ee728b)
Start importing Assets/Prefabs/Buttle.prefab using Guid(10d11c513301a954c93d5894b262fc5a) Importer(815301076,1909f56bfc062723c751e8b465ee728b)  -> (artifact id: '1a0208c07e6ceec06347298b85798c6d') in 0.012822 seconds 
========================================================================
Received Import Request.
  Time since last request: 0.000029 seconds.
  path: Assets/Prefabs/Enemy5.prefab
  artifactKey: Guid(a5ab08873b2facc49b38bde122450e0f) Importer(815301076,1909f56bfc062723c751e8b465ee728b)
Start importing Assets/Prefabs/Enemy5.prefab using Guid(a5ab08873b2facc49b38bde122450e0f) Importer(815301076,1909f56bfc062723c751e8b465ee728b)  -> (artifact id: '8dad01328eac4ded17859a9f83397dd5') in 0.051741 seconds 
========================================================================
Received Import Request.
  Time since last request: 0.000029 seconds.
  path: Assets/Prefabs/Enemy6.prefab
  artifactKey: Guid(7f416f9b66de48f479a11c711f999beb) Importer(815301076,1909f56bfc062723c751e8b465ee728b)
Start importing Assets/Prefabs/Enemy6.prefab using Guid(7f416f9b66de48f479a11c711f999beb) Importer(815301076,1909f56bfc062723c751e8b465ee728b)  -> (artifact id: 'beba190bc632c1dd99fdb98f4cc670cc') in 0.045228 seconds 
========================================================================
Received Import Request.
  Time since last request: 4.524813 seconds.
  path: Assets/Prefabs/Buttle.prefab
  artifactKey: Guid(10d11c513301a954c93d5894b262fc5a) Importer(815301076,1909f56bfc062723c751e8b465ee728b)
Start importing Assets/Prefabs/Buttle.prefab using Guid(10d11c513301a954c93d5894b262fc5a) Importer(815301076,1909f56bfc062723c751e8b465ee728b)  -> (artifact id: '3d9f49a7cdd800cf7000d12fd6afd2a5') in 0.014582 seconds 
========================================================================
Received Import Request.
  Time since last request: 0.000029 seconds.
  path: Assets/Prefabs/Enemy5.prefab
  artifactKey: Guid(a5ab08873b2facc49b38bde122450e0f) Importer(815301076,1909f56bfc062723c751e8b465ee728b)
Start importing Assets/Prefabs/Enemy5.prefab using Guid(a5ab08873b2facc49b38bde122450e0f) Importer(815301076,1909f56bfc062723c751e8b465ee728b)  -> (artifact id: '080e7ac3f8998a721237687d1eee5f74') in 0.062618 seconds 
========================================================================
Received Import Request.
  Time since last request: 0.000039 seconds.
  path: Assets/Prefabs/Enemy6.prefab
  artifactKey: Guid(7f416f9b66de48f479a11c711f999beb) Importer(815301076,1909f56bfc062723c751e8b465ee728b)
Start importing Assets/Prefabs/Enemy6.prefab using Guid(7f416f9b66de48f479a11c711f999beb) Importer(815301076,1909f56bfc062723c751e8b465ee728b)  -> (artifact id: 'd539d48819bf57447d9a86da86b28872') in 0.053605 seconds 
========================================================================
Received Import Request.
  Time since last request: 8.501569 seconds.
  path: Assets/Prefabs/Buttle.prefab
  artifactKey: Guid(10d11c513301a954c93d5894b262fc5a) Importer(815301076,1909f56bfc062723c751e8b465ee728b)
Start importing Assets/Prefabs/Buttle.prefab using Guid(10d11c513301a954c93d5894b262fc5a) Importer(815301076,1909f56bfc062723c751e8b465ee728b)  -> (artifact id: '85edef8b48e49aca8f31acc56121ec67') in 0.020709 seconds 
========================================================================
Received Import Request.
  Time since last request: 0.000027 seconds.
  path: Assets/Prefabs/Enemy5.prefab
  artifactKey: Guid(a5ab08873b2facc49b38bde122450e0f) Importer(815301076,1909f56bfc062723c751e8b465ee728b)
Start importing Assets/Prefabs/Enemy5.prefab using Guid(a5ab08873b2facc49b38bde122450e0f) Importer(815301076,1909f56bfc062723c751e8b465ee728b)  -> (artifact id: '7e90ac6fa50a95c8dbb37ac3532541d9') in 0.077927 seconds 
========================================================================
Received Import Request.
  Time since last request: 0.000038 seconds.
  path: Assets/Prefabs/Enemy8.prefab
  artifactKey: Guid(483477b0761553048b5c5476bde5de35) Importer(815301076,1909f56bfc062723c751e8b465ee728b)
Start importing Assets/Prefabs/Enemy8.prefab using Guid(483477b0761553048b5c5476bde5de35) Importer(815301076,1909f56bfc062723c751e8b465ee728b)  -> (artifact id: '1a6501a4cfb33f3af616febbe4dcb874') in 0.055707 seconds 
========================================================================
Received Prepare
Registering precompiled user dll's ...
Registered in 0.006897 seconds.
Begin MonoManager ReloadAssembly
Symbol file LoadedFromMemory doesn't match image C:\Users\vasert\Documents\GitHub\RufusTeam\asteroid\Library\PackageCache\com.unity.visualscripting@1.7.8\Editor\VisualScripting.Core\Dependencies\YamlDotNet\Unity.VisualScripting.YamlDotNet.dll
Symbol file LoadedFromMemory doesn't match image C:\Users\vasert\Documents\GitHub\RufusTeam\asteroid\Library\PackageCache\com.unity.visualscripting@1.7.8\Editor\VisualScripting.Core\Dependencies\DotNetZip\Unity.VisualScripting.IonicZip.dll
Native extension for WindowsStandalone target not found
Refreshing native plugins compatible for Editor in 1.43 ms, found 3 plugins.
Preloading 0 native plugins for Editor in 0.00 ms.
Mono: successfully reloaded assembly
- Completed reload, in  1.096 seconds
Domain Reload Profiling:
	ReloadAssembly (1097ms)
		BeginReloadAssembly (134ms)
			ExecutionOrderSort (0ms)
			DisableScriptedObjects (4ms)
			BackupInstance (0ms)
			ReleaseScriptingObjects (0ms)
			CreateAndSetChildDomain (35ms)
		EndReloadAssembly (860ms)
			LoadAssemblies (85ms)
			RebuildTransferFunctionScriptingTraits (0ms)
			SetupTypeCache (286ms)
			ReleaseScriptCaches (2ms)
			RebuildScriptCaches (42ms)
			SetupLoadedEditorAssemblies (391ms)
				LogAssemblyErrors (0ms)
				InitializePlatformSupportModulesInManaged (17ms)
				SetLoadedEditorAssemblies (0ms)
				RefreshPlugins (2ms)
				BeforeProcessingInitializeOnLoad (77ms)
				ProcessInitializeOnLoadAttributes (251ms)
				ProcessInitializeOnLoadMethodAttributes (35ms)
				AfterProcessingInitializeOnLoad (8ms)
				EditorAssembliesLoaded (0ms)
			ExecutionOrderSort2 (0ms)
			AwakeInstancesAfterBackupRestoration (6ms)
Platform modules already initialized, skipping
Refreshing native plugins compatible for Editor in 2.74 ms, found 3 plugins.
Preloading 0 native plugins for Editor in 0.00 ms.
Unloading 3546 Unused Serialized files (Serialized files now loaded: 0)
Unloading 32 unused Assets / (1.3 MB). Loaded Objects now: 4102.
Memory consumption went from 136.7 MB to 135.4 MB.
Total: 4.074100 ms (FindLiveObjects: 0.426600 ms CreateObjectMapping: 0.169900 ms MarkObjects: 2.741400 ms  DeleteObjects: 0.734400 ms)

AssetImportParameters requested are different than current active one (requested -> active):
  custom:video-decoder-ogg-theora: a1e56fd34408186e4bbccfd4996cb3dc -> 
  custom:container-muxer-webm: aa71ff27fc2769a1b78a27578f13a17b -> 
  custom:container-demuxer-webm: 4f35f7cbe854078d1ac9338744f61a02 -> 
  custom:video-encoder-webm-vp8: eb34c28f22e8b96e1ab97ce403110664 -> 
  custom:audio-encoder-webm-vorbis: bf7c407c2cedff20999df2af8eb42d56 -> 
  custom:framework-win-MediaFoundation: 216162199b28c13a410421893ffa2e32 -> 
  custom:container-demuxer-ogg: 62fdf1f143b41e24485cea50d1cbac27 -> 
  custom:video-decoder-webm-vp8: 9c59270c3fd7afecdb556c50c9e8de78 -> 
  custom:audio-decoder-ogg-vorbis: bf7c407c2cedff20999df2af8eb42d56 -> 
========================================================================
Received Import Request.
  Time since last request: 27.418653 seconds.
  path: Assets/Prefabs/Buttle.prefab
  artifactKey: Guid(10d11c513301a954c93d5894b262fc5a) Importer(815301076,1909f56bfc062723c751e8b465ee728b)
Start importing Assets/Prefabs/Buttle.prefab using Guid(10d11c513301a954c93d5894b262fc5a) Importer(815301076,1909f56bfc062723c751e8b465ee728b)  -> (artifact id: 'ee9c410f7a88c0e830664ae5ac4ddf35') in 0.086366 seconds 
========================================================================
Received Import Request.
  Time since last request: 0.000029 seconds.
  path: Assets/Prefabs/Enemy5.prefab
  artifactKey: Guid(a5ab08873b2facc49b38bde122450e0f) Importer(815301076,1909f56bfc062723c751e8b465ee728b)
Start importing Assets/Prefabs/Enemy5.prefab using Guid(a5ab08873b2facc49b38bde122450e0f) Importer(815301076,1909f56bfc062723c751e8b465ee728b)  -> (artifact id: 'a09b2b87ab7fe223db1adcba994f1be5') in 0.050608 seconds 
========================================================================
Received Import Request.
  Time since last request: 0.000050 seconds.
  path: Assets/Prefabs/Enemy6.prefab
  artifactKey: Guid(7f416f9b66de48f479a11c711f999beb) Importer(815301076,1909f56bfc062723c751e8b465ee728b)
Start importing Assets/Prefabs/Enemy6.prefab using Guid(7f416f9b66de48f479a11c711f999beb) Importer(815301076,1909f56bfc062723c751e8b465ee728b)  -> (artifact id: '64238bc70ec7b726678b60b01c3973f2') in 0.051912 seconds 
========================================================================
Received Import Request.
  Time since last request: 7.861433 seconds.
  path: Assets/Prefabs/Buttle.prefab
  artifactKey: Guid(10d11c513301a954c93d5894b262fc5a) Importer(815301076,1909f56bfc062723c751e8b465ee728b)
Start importing Assets/Prefabs/Buttle.prefab using Guid(10d11c513301a954c93d5894b262fc5a) Importer(815301076,1909f56bfc062723c751e8b465ee728b)  -> (artifact id: '391c1a1a47a4ac495fbeedcf1b5c964d') in 0.018286 seconds 
========================================================================
Received Import Request.
  Time since last request: 0.000024 seconds.
  path: Assets/Prefabs/Enemy5.prefab
  artifactKey: Guid(a5ab08873b2facc49b38bde122450e0f) Importer(815301076,1909f56bfc062723c751e8b465ee728b)
Start importing Assets/Prefabs/Enemy5.prefab using Guid(a5ab08873b2facc49b38bde122450e0f) Importer(815301076,1909f56bfc062723c751e8b465ee728b)  -> (artifact id: '7450538b8cd1d530edcae90f30837815') in 0.041350 seconds 
========================================================================
Received Import Request.
  Time since last request: 0.000036 seconds.
  path: Assets/Prefabs/Enemy6.prefab
  artifactKey: Guid(7f416f9b66de48f479a11c711f999beb) Importer(815301076,1909f56bfc062723c751e8b465ee728b)
Start importing Assets/Prefabs/Enemy6.prefab using Guid(7f416f9b66de48f479a11c711f999beb) Importer(815301076,1909f56bfc062723c751e8b465ee728b)  -> (artifact id: '658876c7bd21fa7ff5afcd300cd70e86') in 0.046261 seconds 
========================================================================
Received Import Request.
  Time since last request: 1.295837 seconds.
  path: Assets/Prefabs/Buttle.prefab
  artifactKey: Guid(10d11c513301a954c93d5894b262fc5a) Importer(815301076,1909f56bfc062723c751e8b465ee728b)
Start importing Assets/Prefabs/Buttle.prefab using Guid(10d11c513301a954c93d5894b262fc5a) Importer(815301076,1909f56bfc062723c751e8b465ee728b)  -> (artifact id: 'fd650b8e0c79147c223ec09bff226955') in 0.015916 seconds 
========================================================================
Received Import Request.
  Time since last request: 0.000025 seconds.
  path: Assets/Prefabs/Enemy5.prefab
  artifactKey: Guid(a5ab08873b2facc49b38bde122450e0f) Importer(815301076,1909f56bfc062723c751e8b465ee728b)
Start importing Assets/Prefabs/Enemy5.prefab using Guid(a5ab08873b2facc49b38bde122450e0f) Importer(815301076,1909f56bfc062723c751e8b465ee728b)  -> (artifact id: '40c23dfa4c3bad76308d76412870c33b') in 0.054916 seconds 
========================================================================
Received Import Request.
  Time since last request: 0.000029 seconds.
  path: Assets/Prefabs/Enemy6.prefab
  artifactKey: Guid(7f416f9b66de48f479a11c711f999beb) Importer(815301076,1909f56bfc062723c751e8b465ee728b)
Start importing Assets/Prefabs/Enemy6.prefab using Guid(7f416f9b66de48f479a11c711f999beb) Importer(815301076,1909f56bfc062723c751e8b465ee728b)  -> (artifact id: 'ef9723491c5f60dd00a9675ddc5c2dec') in 0.043874 seconds 
========================================================================
Received Import Request.
  Time since last request: 4.534046 seconds.
  path: Assets/Prefabs/Buttle.prefab
  artifactKey: Guid(10d11c513301a954c93d5894b262fc5a) Importer(815301076,1909f56bfc062723c751e8b465ee728b)
Start importing Assets/Prefabs/Buttle.prefab using Guid(10d11c513301a954c93d5894b262fc5a) Importer(815301076,1909f56bfc062723c751e8b465ee728b)  -> (artifact id: '411af6c10617cc7ecc4000f0665f2a2e') in 0.023998 seconds 
========================================================================
Received Import Request.
  Time since last request: 0.000027 seconds.
  path: Assets/Prefabs/Enemy5.prefab
  artifactKey: Guid(a5ab08873b2facc49b38bde122450e0f) Importer(815301076,1909f56bfc062723c751e8b465ee728b)
Start importing Assets/Prefabs/Enemy5.prefab using Guid(a5ab08873b2facc49b38bde122450e0f) Importer(815301076,1909f56bfc062723c751e8b465ee728b)  -> (artifact id: '9d4dd66d359082dd2f507544819160f7') in 0.043671 seconds 
========================================================================
Received Import Request.
  Time since last request: 0.000052 seconds.
  path: Assets/Prefabs/Enemy6.prefab
  artifactKey: Guid(7f416f9b66de48f479a11c711f999beb) Importer(815301076,1909f56bfc062723c751e8b465ee728b)
Start importing Assets/Prefabs/Enemy6.prefab using Guid(7f416f9b66de48f479a11c711f999beb) Importer(815301076,1909f56bfc062723c751e8b465ee728b)  -> (artifact id: 'ab352e515969c91299a18a87a7daa767') in 0.048645 seconds 
========================================================================
Received Prepare
Registering precompiled user dll's ...
Registered in 0.005608 seconds.
Begin MonoManager ReloadAssembly
Symbol file LoadedFromMemory doesn't match image C:\Users\vasert\Documents\GitHub\RufusTeam\asteroid\Library\PackageCache\com.unity.visualscripting@1.7.8\Editor\VisualScripting.Core\Dependencies\YamlDotNet\Unity.VisualScripting.YamlDotNet.dll
Symbol file LoadedFromMemory doesn't match image C:\Users\vasert\Documents\GitHub\RufusTeam\asteroid\Library\PackageCache\com.unity.visualscripting@1.7.8\Editor\VisualScripting.Core\Dependencies\DotNetZip\Unity.VisualScripting.IonicZip.dll
Native extension for WindowsStandalone target not found
Refreshing native plugins compatible for Editor in 2.04 ms, found 3 plugins.
Preloading 0 native plugins for Editor in 0.00 ms.
Mono: successfully reloaded assembly
- Completed reload, in  1.099 seconds
Domain Reload Profiling:
	ReloadAssembly (1100ms)
		BeginReloadAssembly (136ms)
			ExecutionOrderSort (0ms)
			DisableScriptedObjects (5ms)
			BackupInstance (0ms)
			ReleaseScriptingObjects (0ms)
			CreateAndSetChildDomain (38ms)
		EndReloadAssembly (861ms)
			LoadAssemblies (85ms)
			RebuildTransferFunctionScriptingTraits (0ms)
			SetupTypeCache (285ms)
			ReleaseScriptCaches (1ms)
			RebuildScriptCaches (49ms)
			SetupLoadedEditorAssemblies (389ms)
				LogAssemblyErrors (0ms)
				InitializePlatformSupportModulesInManaged (14ms)
				SetLoadedEditorAssemblies (1ms)
				RefreshPlugins (2ms)
				BeforeProcessingInitializeOnLoad (81ms)
				ProcessInitializeOnLoadAttributes (234ms)
				ProcessInitializeOnLoadMethodAttributes (46ms)
				AfterProcessingInitializeOnLoad (11ms)
				EditorAssembliesLoaded (0ms)
			ExecutionOrderSort2 (0ms)
			AwakeInstancesAfterBackupRestoration (7ms)
Platform modules already initialized, skipping
Refreshing native plugins compatible for Editor in 2.30 ms, found 3 plugins.
Preloading 0 native plugins for Editor in 0.00 ms.
Unloading 3546 Unused Serialized files (Serialized files now loaded: 0)
Unloading 32 unused Assets / (1.3 MB). Loaded Objects now: 4105.
Memory consumption went from 136.8 MB to 135.5 MB.
Total: 5.251400 ms (FindLiveObjects: 0.610000 ms CreateObjectMapping: 0.155400 ms MarkObjects: 3.619000 ms  DeleteObjects: 0.864400 ms)

AssetImportParameters requested are different than current active one (requested -> active):
  custom:video-decoder-ogg-theora: a1e56fd34408186e4bbccfd4996cb3dc -> 
  custom:container-muxer-webm: aa71ff27fc2769a1b78a27578f13a17b -> 
  custom:container-demuxer-webm: 4f35f7cbe854078d1ac9338744f61a02 -> 
  custom:video-encoder-webm-vp8: eb34c28f22e8b96e1ab97ce403110664 -> 
  custom:audio-encoder-webm-vorbis: bf7c407c2cedff20999df2af8eb42d56 -> 
  custom:framework-win-MediaFoundation: 216162199b28c13a410421893ffa2e32 -> 
  custom:container-demuxer-ogg: 62fdf1f143b41e24485cea50d1cbac27 -> 
  custom:video-decoder-webm-vp8: 9c59270c3fd7afecdb556c50c9e8de78 -> 
  custom:audio-decoder-ogg-vorbis: bf7c407c2cedff20999df2af8eb42d56 -> 
Editor requested this worker to shutdown with reason: Scaling down because of idle timeout
AssetImportWorker is now disconnected from the server
Process exiting
Exiting without the bug reporter. Application will terminate with return code 0