Using pre-set license
Built from '2021.3/staging' branch; Version is '2021.3.10f1 (1c7d0df0160b) revision 1867021'; Using compiler version '192829333'; Build Type 'Release'
OS: 'Windows 10  (10.0.19042) 64bit Core' Language: 'ru' Physical Memory: 15696 MB
BatchMode: 1, IsHumanControllingUs: 0, StartBugReporterOnCrash: 0, Is64bit: 1, IsPro: 1

COMMAND LINE ARGUMENTS:
C:\Program Files\Unity\Hub\Editor\2021.3.10f1\Editor\Unity.exe
-adb2
-batchMode
-noUpm
-name
AssetImportWorker3
-projectPath
C:/Users/vasert/Documents/GitHub/RufusTeam/asteroid
-logFile
Logs/AssetImportWorker3.log
-srvPort
63072
Successfully changed project path to: C:/Users/vasert/Documents/GitHub/RufusTeam/asteroid
C:/Users/vasert/Documents/GitHub/RufusTeam/asteroid
[UnityMemory] Configuration Parameters - Can be set up in boot.config
    "memorysetup-bucket-allocator-granularity=16"
    "memorysetup-bucket-allocator-bucket-count=8"
    "memorysetup-bucket-allocator-block-size=33554432"
    "memorysetup-bucket-allocator-block-count=8"
    "memorysetup-main-allocator-block-size=16777216"
    "memorysetup-thread-allocator-block-size=16777216"
    "memorysetup-gfx-main-allocator-block-size=16777216"
    "memorysetup-gfx-thread-allocator-block-size=16777216"
    "memorysetup-cache-allocator-block-size=4194304"
    "memorysetup-typetree-allocator-block-size=2097152"
    "memorysetup-profiler-bucket-allocator-granularity=16"
    "memorysetup-profiler-bucket-allocator-bucket-count=8"
    "memorysetup-profiler-bucket-allocator-block-size=33554432"
    "memorysetup-profiler-bucket-allocator-block-count=8"
    "memorysetup-profiler-allocator-block-size=16777216"
    "memorysetup-profiler-editor-allocator-block-size=1048576"
    "memorysetup-temp-allocator-size-main=16777216"
    "memorysetup-job-temp-allocator-block-size=2097152"
    "memorysetup-job-temp-allocator-block-size-background=1048576"
    "memorysetup-job-temp-allocator-reduction-small-platforms=262144"
    "memorysetup-temp-allocator-size-background-worker=32768"
    "memorysetup-temp-allocator-size-job-worker=262144"
    "memorysetup-temp-allocator-size-preload-manager=33554432"
    "memorysetup-temp-allocator-size-nav-mesh-worker=65536"
    "memorysetup-temp-allocator-size-audio-worker=65536"
    "memorysetup-temp-allocator-size-cloud-worker=32768"
    "memorysetup-temp-allocator-size-gi-baking-worker=262144"
    "memorysetup-temp-allocator-size-gfx=262144"
Refreshing native plugins compatible for Editor in 152.17 ms, found 3 plugins.
Preloading 0 native plugins for Editor in 0.00 ms.
Initialize engine version: 2021.3.10f1 (1c7d0df0160b)
[Subsystems] Discovering subsystems at path C:/Program Files/Unity/Hub/Editor/2021.3.10f1/Editor/Data/Resources/UnitySubsystems
[Subsystems] Discovering subsystems at path C:/Users/vasert/Documents/GitHub/RufusTeam/asteroid/Assets
GfxDevice: creating device client; threaded=0; jobified=0
Direct3D:
    Version:  Direct3D 11.0 [level 11.1]
    Renderer: AMD Radeon(TM) Graphics (ID=0x164c)
    Vendor:   ATI
    VRAM:     7848 MB
    Driver:   27.20.14032.8
Initialize mono
Mono path[0] = 'C:/Program Files/Unity/Hub/Editor/2021.3.10f1/Editor/Data/Managed'
Mono path[1] = 'C:/Program Files/Unity/Hub/Editor/2021.3.10f1/Editor/Data/MonoBleedingEdge/lib/mono/unityjit-win32'
Mono config path = 'C:/Program Files/Unity/Hub/Editor/2021.3.10f1/Editor/Data/MonoBleedingEdge/etc'
Using monoOptions --debugger-agent=transport=dt_socket,embedding=1,server=y,suspend=n,address=127.0.0.1:56288
Begin MonoManager ReloadAssembly
Registering precompiled unity dll's ...
Register platform support module: C:/Program Files/Unity/Hub/Editor/2021.3.10f1/Editor/Data/PlaybackEngines/WindowsStandaloneSupport/UnityEditor.WindowsStandalone.Extensions.dll
Registered in 0.011070 seconds.
Native extension for WindowsStandalone target not found
Refreshing native plugins compatible for Editor in 134.01 ms, found 3 plugins.
Preloading 0 native plugins for Editor in 0.00 ms.
Mono: successfully reloaded assembly
- Completed reload, in  0.991 seconds
Domain Reload Profiling:
	ReloadAssembly (992ms)
		BeginReloadAssembly (128ms)
			ExecutionOrderSort (0ms)
			DisableScriptedObjects (0ms)
			BackupInstance (0ms)
			ReleaseScriptingObjects (0ms)
			CreateAndSetChildDomain (2ms)
		EndReloadAssembly (686ms)
			LoadAssemblies (123ms)
			RebuildTransferFunctionScriptingTraits (0ms)
			SetupTypeCache (184ms)
			ReleaseScriptCaches (0ms)
			RebuildScriptCaches (42ms)
			SetupLoadedEditorAssemblies (390ms)
				LogAssemblyErrors (0ms)
				InitializePlatformSupportModulesInManaged (10ms)
				SetLoadedEditorAssemblies (0ms)
				RefreshPlugins (134ms)
				BeforeProcessingInitializeOnLoad (1ms)
				ProcessInitializeOnLoadAttributes (175ms)
				ProcessInitializeOnLoadMethodAttributes (69ms)
				AfterProcessingInitializeOnLoad (0ms)
				EditorAssembliesLoaded (0ms)
			ExecutionOrderSort2 (0ms)
			AwakeInstancesAfterBackupRestoration (0ms)
Platform modules already initialized, skipping
Registering precompiled user dll's ...
Registered in 0.007038 seconds.
Begin MonoManager ReloadAssembly
Symbol file LoadedFromMemory doesn't match image C:\Users\vasert\Documents\GitHub\RufusTeam\asteroid\Library\PackageCache\com.unity.visualscripting@1.7.8\Editor\VisualScripting.Core\Dependencies\YamlDotNet\Unity.VisualScripting.YamlDotNet.dll
Symbol file LoadedFromMemory doesn't match image C:\Users\vasert\Documents\GitHub\RufusTeam\asteroid\Library\PackageCache\com.unity.visualscripting@1.7.8\Editor\VisualScripting.Core\Dependencies\DotNetZip\Unity.VisualScripting.IonicZip.dll
Native extension for WindowsStandalone target not found
Refreshing native plugins compatible for Editor in 1.11 ms, found 3 plugins.
Preloading 0 native plugins for Editor in 0.00 ms.
Mono: successfully reloaded assembly
- Completed reload, in  1.474 seconds
Domain Reload Profiling:
	ReloadAssembly (1475ms)
		BeginReloadAssembly (150ms)
			ExecutionOrderSort (0ms)
			DisableScriptedObjects (8ms)
			BackupInstance (0ms)
			ReleaseScriptingObjects (0ms)
			CreateAndSetChildDomain (27ms)
		EndReloadAssembly (1156ms)
			LoadAssemblies (107ms)
			RebuildTransferFunctionScriptingTraits (0ms)
			SetupTypeCache (373ms)
			ReleaseScriptCaches (1ms)
			RebuildScriptCaches (70ms)
			SetupLoadedEditorAssemblies (550ms)
				LogAssemblyErrors (0ms)
				InitializePlatformSupportModulesInManaged (9ms)
				SetLoadedEditorAssemblies (1ms)
				RefreshPlugins (1ms)
				BeforeProcessingInitializeOnLoad (138ms)
				ProcessInitializeOnLoadAttributes (344ms)
				ProcessInitializeOnLoadMethodAttributes (42ms)
				AfterProcessingInitializeOnLoad (14ms)
				EditorAssembliesLoaded (1ms)
			ExecutionOrderSort2 (0ms)
			AwakeInstancesAfterBackupRestoration (9ms)
Platform modules already initialized, skipping
========================================================================
Worker process is ready to serve import requests
Launched and connected shader compiler UnityShaderCompiler.exe after 0.05 seconds
Refreshing native plugins compatible for Editor in 1.35 ms, found 3 plugins.
Preloading 0 native plugins for Editor in 0.00 ms.
Unloading 3457 Unused Serialized files (Serialized files now loaded: 0)
Unloading 27 unused Assets / (114.1 KB). Loaded Objects now: 3921.
Memory consumption went from 124.3 MB to 124.2 MB.
Total: 4.037400 ms (FindLiveObjects: 0.473800 ms CreateObjectMapping: 0.126700 ms MarkObjects: 3.217600 ms  DeleteObjects: 0.217500 ms)

AssetImportParameters requested are different than current active one (requested -> active):
  custom:video-decoder-ogg-theora: a1e56fd34408186e4bbccfd4996cb3dc -> 
  custom:container-muxer-webm: aa71ff27fc2769a1b78a27578f13a17b -> 
  custom:container-demuxer-webm: 4f35f7cbe854078d1ac9338744f61a02 -> 
  custom:video-encoder-webm-vp8: eb34c28f22e8b96e1ab97ce403110664 -> 
  custom:audio-encoder-webm-vorbis: bf7c407c2cedff20999df2af8eb42d56 -> 
  custom:framework-win-MediaFoundation: 216162199b28c13a410421893ffa2e32 -> 
  custom:container-demuxer-ogg: 62fdf1f143b41e24485cea50d1cbac27 -> 
  custom:video-decoder-webm-vp8: 9c59270c3fd7afecdb556c50c9e8de78 -> 
  custom:audio-decoder-ogg-vorbis: bf7c407c2cedff20999df2af8eb42d56 -> 
========================================================================
Received Import Request.
  Time since last request: 9988.305231 seconds.
  path: Assets/Prefabs/spacekit_2/Models/FBX format/corridor_roof.fbx
  artifactKey: Guid(9677d60af0419864ca16ecf262f02293) Importer(815301076,1909f56bfc062723c751e8b465ee728b)
Start importing Assets/Prefabs/spacekit_2/Models/FBX format/corridor_roof.fbx using Guid(9677d60af0419864ca16ecf262f02293) Importer(815301076,1909f56bfc062723c751e8b465ee728b)  -> (artifact id: '889de96e2feb7813fa2bcd90ecfde743') in 0.247339 seconds 
========================================================================
Received Import Request.
  Time since last request: 0.000036 seconds.
  path: Assets/Prefabs/spacekit_2/Models/FBX format/supports_low.fbx
  artifactKey: Guid(3abf5592bd2ec724cbfb3cbf20ba65b4) Importer(815301076,1909f56bfc062723c751e8b465ee728b)
Start importing Assets/Prefabs/spacekit_2/Models/FBX format/supports_low.fbx using Guid(3abf5592bd2ec724cbfb3cbf20ba65b4) Importer(815301076,1909f56bfc062723c751e8b465ee728b)  -> (artifact id: '9220234f432ac57a454a83b473809906') in 0.076290 seconds 
========================================================================
Received Import Request.
  Time since last request: 0.000033 seconds.
  path: Assets/Prefabs/spacekit_2/Models/FBX format/monorail_trainFlat.fbx
  artifactKey: Guid(0c807f598401c5a47a78189b055e1910) Importer(815301076,1909f56bfc062723c751e8b465ee728b)
Start importing Assets/Prefabs/spacekit_2/Models/FBX format/monorail_trainFlat.fbx using Guid(0c807f598401c5a47a78189b055e1910) Importer(815301076,1909f56bfc062723c751e8b465ee728b)  -> (artifact id: '9bdfeaf0abce3e1914c45079e59c1935') in 0.074493 seconds 
========================================================================
Received Import Request.
  Time since last request: 0.000031 seconds.
  path: Assets/Prefabs/spacekit_2/Models/OBJ format/platform_large.obj
  artifactKey: Guid(1dc6b8240c90b234d9f2bab0626424a4) Importer(815301076,1909f56bfc062723c751e8b465ee728b)
Start importing Assets/Prefabs/spacekit_2/Models/OBJ format/platform_large.obj using Guid(1dc6b8240c90b234d9f2bab0626424a4) Importer(815301076,1909f56bfc062723c751e8b465ee728b)  -> (artifact id: '707f051f16b0383062887283a91fa454') in 0.081748 seconds 
========================================================================
Received Import Request.
  Time since last request: 0.000040 seconds.
  path: Assets/Prefabs/spacekit_2/Models/DAE format/structure.dae
  artifactKey: Guid(19a055bc8b60fdc44860e3d20ca186a5) Importer(815301076,1909f56bfc062723c751e8b465ee728b)
Start importing Assets/Prefabs/spacekit_2/Models/DAE format/structure.dae using Guid(19a055bc8b60fdc44860e3d20ca186a5) Importer(815301076,1909f56bfc062723c751e8b465ee728b)  -> (artifact id: '654fdcb5536fb969429a5a0222785d45') in 0.055424 seconds 
========================================================================
Received Import Request.
  Time since last request: 0.000040 seconds.
  path: Assets/Prefabs/spacekit_2/Models/OBJ format/rock_largeA.obj
  artifactKey: Guid(02ce00db8842e534b8c916f6a7dbec2f) Importer(815301076,1909f56bfc062723c751e8b465ee728b)
Start importing Assets/Prefabs/spacekit_2/Models/OBJ format/rock_largeA.obj using Guid(02ce00db8842e534b8c916f6a7dbec2f) Importer(815301076,1909f56bfc062723c751e8b465ee728b)  -> (artifact id: 'e122ec67ccc4bc361322791dab727734') in 0.057133 seconds 
========================================================================
Received Import Request.
  Time since last request: 0.000040 seconds.
  path: Assets/Prefabs/spacekit_2/Models/OBJ format/pipe_ring.obj
  artifactKey: Guid(2a568549fce10b04bb0af4ef79355acf) Importer(815301076,1909f56bfc062723c751e8b465ee728b)
Start importing Assets/Prefabs/spacekit_2/Models/OBJ format/pipe_ring.obj using Guid(2a568549fce10b04bb0af4ef79355acf) Importer(815301076,1909f56bfc062723c751e8b465ee728b)  -> (artifact id: 'f8b3bd67890064cb98809f381b66cbb7') in 0.092984 seconds 
========================================================================
Received Import Request.
  Time since last request: 0.000030 seconds.
  path: Assets/Prefabs/spacekit_2/Models/OBJ format/terrain_ramp.obj
  artifactKey: Guid(572483b80b0d2d44c94614795a86ff5f) Importer(815301076,1909f56bfc062723c751e8b465ee728b)
Start importing Assets/Prefabs/spacekit_2/Models/OBJ format/terrain_ramp.obj using Guid(572483b80b0d2d44c94614795a86ff5f) Importer(815301076,1909f56bfc062723c751e8b465ee728b)  -> (artifact id: '826d434a23ba05999c7d73d1f4e91579') in 0.072630 seconds 
========================================================================
Received Import Request.
  Time since last request: 0.000036 seconds.
  path: Assets/Prefabs/spacekit_2/Models/DAE format/terrain_side.dae
  artifactKey: Guid(d56d98a12a69bdd4698a2e5f9c97d6e9) Importer(815301076,1909f56bfc062723c751e8b465ee728b)
Start importing Assets/Prefabs/spacekit_2/Models/DAE format/terrain_side.dae using Guid(d56d98a12a69bdd4698a2e5f9c97d6e9) Importer(815301076,1909f56bfc062723c751e8b465ee728b)  -> (artifact id: 'ff7e8eda43435121907f81a888b220af') in 0.046567 seconds 
========================================================================
Received Import Request.
  Time since last request: 0.000038 seconds.
  path: Assets/Prefabs/spacekit_2/Models/OBJ format/hangar_roundB.obj
  artifactKey: Guid(d988c2cdd5524cb41acd23e97d493dc4) Importer(815301076,1909f56bfc062723c751e8b465ee728b)
Start importing Assets/Prefabs/spacekit_2/Models/OBJ format/hangar_roundB.obj using Guid(d988c2cdd5524cb41acd23e97d493dc4) Importer(815301076,1909f56bfc062723c751e8b465ee728b)  -> (artifact id: '5ee2151301376fe2000d96cd31aeb645') in 0.088753 seconds 
========================================================================
Received Import Request.
  Time since last request: 0.000075 seconds.
  path: Assets/Prefabs/spacekit_2/Models/DAE format/pipe_cornerRoundLarge.dae
  artifactKey: Guid(ae101d04428fd2d45a074e364fb5a24f) Importer(815301076,1909f56bfc062723c751e8b465ee728b)
Start importing Assets/Prefabs/spacekit_2/Models/DAE format/pipe_cornerRoundLarge.dae using Guid(ae101d04428fd2d45a074e364fb5a24f) Importer(815301076,1909f56bfc062723c751e8b465ee728b)  -> (artifact id: '05048050c5965c7d31d9c7193ea0dc80') in 0.069465 seconds 
========================================================================
Received Import Request.
  Time since last request: 0.000055 seconds.
  path: Assets/Prefabs/spacekit_2/Models/OBJ format/satelliteDish_detailed.obj
  artifactKey: Guid(5d5b20b2fcd1bed468337bcf9d5fb72a) Importer(815301076,1909f56bfc062723c751e8b465ee728b)
Start importing Assets/Prefabs/spacekit_2/Models/OBJ format/satelliteDish_detailed.obj using Guid(5d5b20b2fcd1bed468337bcf9d5fb72a) Importer(815301076,1909f56bfc062723c751e8b465ee728b)  -> (artifact id: '5612759d9df0a3f3f9483d23aa018576') in 0.094341 seconds 
========================================================================
Received Import Request.
  Time since last request: 0.000037 seconds.
  path: Assets/Prefabs/spacekit_2/Models/OBJ format/craft_cargoA.obj
  artifactKey: Guid(34f71e00142158b448860ae23b261c1b) Importer(815301076,1909f56bfc062723c751e8b465ee728b)
Start importing Assets/Prefabs/spacekit_2/Models/OBJ format/craft_cargoA.obj using Guid(34f71e00142158b448860ae23b261c1b) Importer(815301076,1909f56bfc062723c751e8b465ee728b)  -> (artifact id: '98112ae4734f963e58e5b8e9a1597959') in 0.083813 seconds 
========================================================================
Received Import Request.
  Time since last request: 0.000051 seconds.
  path: Assets/Prefabs/spacekit_2/Models/OBJ format/craft_miner.obj
  artifactKey: Guid(afcfa15c9c0081046b0912ec20cc5142) Importer(815301076,1909f56bfc062723c751e8b465ee728b)
Start importing Assets/Prefabs/spacekit_2/Models/OBJ format/craft_miner.obj using Guid(afcfa15c9c0081046b0912ec20cc5142) Importer(815301076,1909f56bfc062723c751e8b465ee728b)  -> (artifact id: '6781c087bc8e080e57455b71a2fc1b3d') in 0.096279 seconds 
========================================================================
Received Import Request.
  Time since last request: 0.000052 seconds.
  path: Assets/Prefabs/spacekit_2/Models/FBX format/weapon_gun.fbx
  artifactKey: Guid(6e5de39559211814fa274367b0c576a2) Importer(815301076,1909f56bfc062723c751e8b465ee728b)
Start importing Assets/Prefabs/spacekit_2/Models/FBX format/weapon_gun.fbx using Guid(6e5de39559211814fa274367b0c576a2) Importer(815301076,1909f56bfc062723c751e8b465ee728b)  -> (artifact id: '163f2c41f3501e5b57613b0e3a1f6025') in 0.080804 seconds 
========================================================================
Received Import Request.
  Time since last request: 0.000043 seconds.
  path: Assets/Prefabs/spacekit_2/Models/DAE format/monorail_trainBox.dae
  artifactKey: Guid(ef8f412dce7fc45499bf651bae739d3c) Importer(815301076,1909f56bfc062723c751e8b465ee728b)
Start importing Assets/Prefabs/spacekit_2/Models/DAE format/monorail_trainBox.dae using Guid(ef8f412dce7fc45499bf651bae739d3c) Importer(815301076,1909f56bfc062723c751e8b465ee728b)  -> (artifact id: '89b517d7c4083eb809e894114705d397') in 0.077939 seconds 
========================================================================
Received Import Request.
  Time since last request: 0.000032 seconds.
  path: Assets/Prefabs/spacekit_2/Models/DAE format/platform_cornerRound.dae
  artifactKey: Guid(f0c6bda3973ec2a47b70373e9d8c6722) Importer(815301076,1909f56bfc062723c751e8b465ee728b)
Start importing Assets/Prefabs/spacekit_2/Models/DAE format/platform_cornerRound.dae using Guid(f0c6bda3973ec2a47b70373e9d8c6722) Importer(815301076,1909f56bfc062723c751e8b465ee728b)  -> (artifact id: 'e6b2b71853217c0732c3637bda8a7ef6') in 0.078857 seconds 
========================================================================
Received Import Request.
  Time since last request: 0.000031 seconds.
  path: Assets/Prefabs/spacekit_2/Models/DAE format/terrain_sideCliff.dae
  artifactKey: Guid(b18e84d168a77854197ef4b4d3776dd9) Importer(815301076,1909f56bfc062723c751e8b465ee728b)
Start importing Assets/Prefabs/spacekit_2/Models/DAE format/terrain_sideCliff.dae using Guid(b18e84d168a77854197ef4b4d3776dd9) Importer(815301076,1909f56bfc062723c751e8b465ee728b)  -> (artifact id: '72fde0883f92fdd67c2aeeeb6a9bef38') in 0.067483 seconds 
========================================================================
Received Import Request.
  Time since last request: 0.000047 seconds.
  path: Assets/Prefabs/spacekit_2/Models/OBJ format/platform_cornerRound.obj
  artifactKey: Guid(c352be90ee2d0c4489b1f57830589c60) Importer(815301076,1909f56bfc062723c751e8b465ee728b)
Start importing Assets/Prefabs/spacekit_2/Models/OBJ format/platform_cornerRound.obj using Guid(c352be90ee2d0c4489b1f57830589c60) Importer(815301076,1909f56bfc062723c751e8b465ee728b)  -> (artifact id: '4ac2ae5c3795d8a94773c5dd20b83d17') in 0.088593 seconds 
========================================================================
Received Import Request.
  Time since last request: 0.000036 seconds.
  path: Assets/Prefabs/spacekit_2/Models/FBX format/turret_double.fbx
  artifactKey: Guid(98b4f41bfbe602f46a03582d08afa3b0) Importer(815301076,1909f56bfc062723c751e8b465ee728b)
Start importing Assets/Prefabs/spacekit_2/Models/FBX format/turret_double.fbx using Guid(98b4f41bfbe602f46a03582d08afa3b0) Importer(815301076,1909f56bfc062723c751e8b465ee728b)  -> (artifact id: '764287e33cc839f79ea9335c47c32c99') in 0.113184 seconds 
========================================================================
Received Import Request.
  Time since last request: 0.000053 seconds.
  path: Assets/Prefabs/spacekit_2/Models/FBX format/rock_largeB.fbx
  artifactKey: Guid(d58120b43cf0eec4a8367ae36b689c92) Importer(815301076,1909f56bfc062723c751e8b465ee728b)
Start importing Assets/Prefabs/spacekit_2/Models/FBX format/rock_largeB.fbx using Guid(d58120b43cf0eec4a8367ae36b689c92) Importer(815301076,1909f56bfc062723c751e8b465ee728b)  -> (artifact id: '1cc85af6e7f07c9a3686b92e488feca7') in 0.057546 seconds 
========================================================================
Received Import Request.
  Time since last request: 0.000038 seconds.
  path: Assets/Prefabs/spacekit_2/Models/DAE format/monorail_trackSupportCorner.dae
  artifactKey: Guid(302c70fa749cb3d4393fa2673c380aed) Importer(815301076,1909f56bfc062723c751e8b465ee728b)
Start importing Assets/Prefabs/spacekit_2/Models/DAE format/monorail_trackSupportCorner.dae using Guid(302c70fa749cb3d4393fa2673c380aed) Importer(815301076,1909f56bfc062723c751e8b465ee728b)  -> (artifact id: '2553da8e17dbb51effd30076b3b8c15b') in 0.071710 seconds 
========================================================================
Received Import Request.
  Time since last request: 0.000033 seconds.
  path: Assets/Prefabs/True Explosions/System/Materials/Shokwave.mat
  artifactKey: Guid(49543379e552fdd41a61aae15deb4ebc) Importer(815301076,1909f56bfc062723c751e8b465ee728b)
Start importing Assets/Prefabs/True Explosions/System/Materials/Shokwave.mat using Guid(49543379e552fdd41a61aae15deb4ebc) Importer(815301076,1909f56bfc062723c751e8b465ee728b)  -> (artifact id: '9858513de72c80bf58c7500a6a10514c') in 0.021056 seconds 
========================================================================
Received Import Request.
  Time since last request: 0.000028 seconds.
  path: Assets/Prefabs/spacekit_2/Models/DAE format/pipe_ringHighEnd.dae
  artifactKey: Guid(b8708df772aff364289343f871ff558e) Importer(815301076,1909f56bfc062723c751e8b465ee728b)
Start importing Assets/Prefabs/spacekit_2/Models/DAE format/pipe_ringHighEnd.dae using Guid(b8708df772aff364289343f871ff558e) Importer(815301076,1909f56bfc062723c751e8b465ee728b)  -> (artifact id: '0aa0b50832a4f223605f399db4c3a824') in 0.088521 seconds 
========================================================================
Received Import Request.
  Time since last request: 0.000056 seconds.
  path: Assets/Prefabs/spacekit_2/Models/FBX format/satelliteDish.fbx
  artifactKey: Guid(11b7c3052bda5a944aef17cc3f4694f5) Importer(815301076,1909f56bfc062723c751e8b465ee728b)
Start importing Assets/Prefabs/spacekit_2/Models/FBX format/satelliteDish.fbx using Guid(11b7c3052bda5a944aef17cc3f4694f5) Importer(815301076,1909f56bfc062723c751e8b465ee728b)  -> (artifact id: 'bd3be2ffb7b183729d0f186dcf6b27f8') in 0.086516 seconds 
========================================================================
Received Import Request.
  Time since last request: 6.300244 seconds.
  path: Assets/Prefabs/spacekit_2/Models/OBJ format/astronautB.obj
  artifactKey: Guid(7fe12a0284b6f93479b4aa29437afdee) Importer(815301076,1909f56bfc062723c751e8b465ee728b)
Start importing Assets/Prefabs/spacekit_2/Models/OBJ format/astronautB.obj using Guid(7fe12a0284b6f93479b4aa29437afdee) Importer(815301076,1909f56bfc062723c751e8b465ee728b)  -> (artifact id: '594b047d420353749645f09c0b7ef77d') in 0.188496 seconds 
========================================================================
Received Import Request.
  Time since last request: 0.000035 seconds.
  path: Assets/Prefabs/spacekit_2/Models/DAE format/rocket_fuelA.dae
  artifactKey: Guid(de0b8fce990d67145871d20fddf264dc) Importer(815301076,1909f56bfc062723c751e8b465ee728b)
Start importing Assets/Prefabs/spacekit_2/Models/DAE format/rocket_fuelA.dae using Guid(de0b8fce990d67145871d20fddf264dc) Importer(815301076,1909f56bfc062723c751e8b465ee728b)  -> (artifact id: '598f838f75482f35256dcab1b535df05') in 0.055579 seconds 
========================================================================
Received Import Request.
  Time since last request: 0.000051 seconds.
  path: Assets/Prefabs/spacekit_2/Models/OBJ format/pipe_cornerRound.obj
  artifactKey: Guid(3e8bdb26b7d8e3c4ea7966f4c6b01447) Importer(815301076,1909f56bfc062723c751e8b465ee728b)
Start importing Assets/Prefabs/spacekit_2/Models/OBJ format/pipe_cornerRound.obj using Guid(3e8bdb26b7d8e3c4ea7966f4c6b01447) Importer(815301076,1909f56bfc062723c751e8b465ee728b)  -> (artifact id: '1c8c4193091a1978120a184809a84f10') in 0.063409 seconds 
========================================================================
Received Import Request.
  Time since last request: 0.000030 seconds.
  path: Assets/Prefabs/spacekit_2/Models/FBX format/gate_simple.fbx
  artifactKey: Guid(1c337102a8f64834f99a039b9e0e56c6) Importer(815301076,1909f56bfc062723c751e8b465ee728b)
Start importing Assets/Prefabs/spacekit_2/Models/FBX format/gate_simple.fbx using Guid(1c337102a8f64834f99a039b9e0e56c6) Importer(815301076,1909f56bfc062723c751e8b465ee728b)  -> (artifact id: '3c707756d834fd4f0e8af37bf43c8a3e') in 0.078564 seconds 
========================================================================
Received Import Request.
  Time since last request: 0.000048 seconds.
  path: Assets/Prefabs/spacekit_2/Models/FBX format/hangar_largeB.fbx
  artifactKey: Guid(35a17b18f03bba54ab1095ae93fcddd4) Importer(815301076,1909f56bfc062723c751e8b465ee728b)
Start importing Assets/Prefabs/spacekit_2/Models/FBX format/hangar_largeB.fbx using Guid(35a17b18f03bba54ab1095ae93fcddd4) Importer(815301076,1909f56bfc062723c751e8b465ee728b)  -> (artifact id: 'd37849b4126922186c311a43fe46b246') in 0.119952 seconds 
========================================================================
Received Import Request.
  Time since last request: 0.000038 seconds.
  path: Assets/Prefabs/spacekit_2/Models/DAE format/structure_closed.dae
  artifactKey: Guid(115c2b674e975ea45964d636c06f4348) Importer(815301076,1909f56bfc062723c751e8b465ee728b)
Start importing Assets/Prefabs/spacekit_2/Models/DAE format/structure_closed.dae using Guid(115c2b674e975ea45964d636c06f4348) Importer(815301076,1909f56bfc062723c751e8b465ee728b)  -> (artifact id: 'a9d8ffc6faffb7bc7778d43021b5aa9c') in 0.065855 seconds 
========================================================================
Received Import Request.
  Time since last request: 0.000036 seconds.
  path: Assets/Prefabs/spacekit_2/Models/OBJ format/monorail_trackSlope.obj
  artifactKey: Guid(da3e3e0ca6dc88e449a3dc583ce888a0) Importer(815301076,1909f56bfc062723c751e8b465ee728b)
Start importing Assets/Prefabs/spacekit_2/Models/OBJ format/monorail_trackSlope.obj using Guid(da3e3e0ca6dc88e449a3dc583ce888a0) Importer(815301076,1909f56bfc062723c751e8b465ee728b)  -> (artifact id: '2b624408f87ce23043d260bb55741efb') in 0.059789 seconds 
========================================================================
Received Import Request.
  Time since last request: 0.000044 seconds.
  path: Assets/Prefabs/spacekit_2/Models/OBJ format/desk_chairArms.obj
  artifactKey: Guid(ad5d12c1e11e6d0458221a29dc9d9395) Importer(815301076,1909f56bfc062723c751e8b465ee728b)
Start importing Assets/Prefabs/spacekit_2/Models/OBJ format/desk_chairArms.obj using Guid(ad5d12c1e11e6d0458221a29dc9d9395) Importer(815301076,1909f56bfc062723c751e8b465ee728b)  -> (artifact id: '7808679eed422371b6f5bbe3954184b3') in 0.071932 seconds 
========================================================================
Received Import Request.
  Time since last request: 0.000029 seconds.
  path: Assets/Prefabs/spacekit_2/Models/OBJ format/desk_computerCorner.obj
  artifactKey: Guid(a8e29dc19c244f74ea0e820de307803e) Importer(815301076,1909f56bfc062723c751e8b465ee728b)
Start importing Assets/Prefabs/spacekit_2/Models/OBJ format/desk_computerCorner.obj using Guid(a8e29dc19c244f74ea0e820de307803e) Importer(815301076,1909f56bfc062723c751e8b465ee728b)  -> (artifact id: '00b08cc32c158a5ce19e19d640a60724') in 0.083641 seconds 
========================================================================
Received Import Request.
  Time since last request: 0.000046 seconds.
  path: Assets/Prefabs/spacekit_2/Models/OBJ format/hangar_smallA.obj
  artifactKey: Guid(0e4affc51c92ec348a5197ce548ec7dd) Importer(815301076,1909f56bfc062723c751e8b465ee728b)
Start importing Assets/Prefabs/spacekit_2/Models/OBJ format/hangar_smallA.obj using Guid(0e4affc51c92ec348a5197ce548ec7dd) Importer(815301076,1909f56bfc062723c751e8b465ee728b)  -> (artifact id: '6eaa3dae46e48498d6a785572c6a58d9') in 0.114197 seconds 
========================================================================
Received Import Request.
  Time since last request: 0.000053 seconds.
  path: Assets/Prefabs/spacekit_2/Models/FBX format/hangar_smallB.fbx
  artifactKey: Guid(e0f3c9d7989767944b5f130bf76353c7) Importer(815301076,1909f56bfc062723c751e8b465ee728b)
Start importing Assets/Prefabs/spacekit_2/Models/FBX format/hangar_smallB.fbx using Guid(e0f3c9d7989767944b5f130bf76353c7) Importer(815301076,1909f56bfc062723c751e8b465ee728b)  -> (artifact id: 'fe4ad4c16d17e3c2e600bfbbb87c77d4') in 0.126434 seconds 
========================================================================
Received Import Request.
  Time since last request: 0.000042 seconds.
  path: Assets/Prefabs/spacekit_2/Models/FBX format/platform_low.fbx
  artifactKey: Guid(bf0e6dc53196eba488dfb3073642aaad) Importer(815301076,1909f56bfc062723c751e8b465ee728b)
Start importing Assets/Prefabs/spacekit_2/Models/FBX format/platform_low.fbx using Guid(bf0e6dc53196eba488dfb3073642aaad) Importer(815301076,1909f56bfc062723c751e8b465ee728b)  -> (artifact id: '525a820d8c4d3f5c1682ae76d674915b') in 0.059978 seconds 
========================================================================
Received Import Request.
  Time since last request: 0.000039 seconds.
  path: Assets/Prefabs/spacekit_2/Models/DAE format/desk_chair.dae
  artifactKey: Guid(fc8dab56c22bf454fb2ae6fd0f9c858b) Importer(815301076,1909f56bfc062723c751e8b465ee728b)
Start importing Assets/Prefabs/spacekit_2/Models/DAE format/desk_chair.dae using Guid(fc8dab56c22bf454fb2ae6fd0f9c858b) Importer(815301076,1909f56bfc062723c751e8b465ee728b)  -> (artifact id: 'ce904a6880768b937678db36f8607885') in 0.060144 seconds 
========================================================================
Received Import Request.
  Time since last request: 0.000035 seconds.
  path: Assets/Prefabs/spacekit_2/Models/FBX format/pipe_cross.fbx
  artifactKey: Guid(c45fde4141422ea4085d948fe944bf11) Importer(815301076,1909f56bfc062723c751e8b465ee728b)
Start importing Assets/Prefabs/spacekit_2/Models/FBX format/pipe_cross.fbx using Guid(c45fde4141422ea4085d948fe944bf11) Importer(815301076,1909f56bfc062723c751e8b465ee728b)  -> (artifact id: '41b6549383f2721c99f90c50563abce0') in 0.057260 seconds 
========================================================================
Received Import Request.
  Time since last request: 0.000045 seconds.
  path: Assets/Prefabs/spacekit_2/Models/FBX format/rocket_baseB.fbx
  artifactKey: Guid(17715f35bc32aa84f90f607f4f9212d7) Importer(815301076,1909f56bfc062723c751e8b465ee728b)
Start importing Assets/Prefabs/spacekit_2/Models/FBX format/rocket_baseB.fbx using Guid(17715f35bc32aa84f90f607f4f9212d7) Importer(815301076,1909f56bfc062723c751e8b465ee728b)  -> (artifact id: '1a1b66f51226394aebbc1f6cf3f08cc6') in 0.068603 seconds 
========================================================================
Received Import Request.
  Time since last request: 0.000045 seconds.
  path: Assets/Prefabs/spacekit_2/Models/FBX format/rocket_baseA.fbx
  artifactKey: Guid(e412fdb3a94e9a34aa880846fc585bb8) Importer(815301076,1909f56bfc062723c751e8b465ee728b)
Start importing Assets/Prefabs/spacekit_2/Models/FBX format/rocket_baseA.fbx using Guid(e412fdb3a94e9a34aa880846fc585bb8) Importer(815301076,1909f56bfc062723c751e8b465ee728b)  -> (artifact id: '11b31b955efa5b8d928d3525e70e45b8') in 0.062838 seconds 
========================================================================
Received Import Request.
  Time since last request: 0.000051 seconds.
  path: Assets/Prefabs/spacekit_2/Models/FBX format/pipe_cornerRound.fbx
  artifactKey: Guid(e0390086e9e385a45991d487e0ccf284) Importer(815301076,1909f56bfc062723c751e8b465ee728b)
Start importing Assets/Prefabs/spacekit_2/Models/FBX format/pipe_cornerRound.fbx using Guid(e0390086e9e385a45991d487e0ccf284) Importer(815301076,1909f56bfc062723c751e8b465ee728b)  -> (artifact id: '62f39a78e1043fe4f4b3efdac7e48134') in 0.054832 seconds 
========================================================================
Received Import Request.
  Time since last request: 0.000030 seconds.
  path: Assets/Prefabs/spacekit_2/Models/OBJ format/pipe_corner.obj
  artifactKey: Guid(72a500d2ed5ea1c4cb64273c31566f8d) Importer(815301076,1909f56bfc062723c751e8b465ee728b)
Start importing Assets/Prefabs/spacekit_2/Models/OBJ format/pipe_corner.obj using Guid(72a500d2ed5ea1c4cb64273c31566f8d) Importer(815301076,1909f56bfc062723c751e8b465ee728b)  -> (artifact id: '8c114bee5609afa390ad281c37c2096c') in 0.074874 seconds 
========================================================================
Received Import Request.
  Time since last request: 0.000048 seconds.
  path: Assets/Prefabs/spacekit_2/Models/FBX format/monorail_trainPassenger.fbx
  artifactKey: Guid(029c490273e6125469115cbae3ac51c7) Importer(815301076,1909f56bfc062723c751e8b465ee728b)
Start importing Assets/Prefabs/spacekit_2/Models/FBX format/monorail_trainPassenger.fbx using Guid(029c490273e6125469115cbae3ac51c7) Importer(815301076,1909f56bfc062723c751e8b465ee728b)  -> (artifact id: '3b754d9620dc45f822408de8303f90b5') in 0.066719 seconds 
========================================================================
Received Import Request.
  Time since last request: 0.000026 seconds.
  path: Assets/Prefabs/spacekit_2/Models/FBX format/rocket_finsB.fbx
  artifactKey: Guid(34611a67300c7f04bad113a21b5f4360) Importer(815301076,1909f56bfc062723c751e8b465ee728b)
Start importing Assets/Prefabs/spacekit_2/Models/FBX format/rocket_finsB.fbx using Guid(34611a67300c7f04bad113a21b5f4360) Importer(815301076,1909f56bfc062723c751e8b465ee728b)  -> (artifact id: '3e8162eb088309ceaea19e151bc10639') in 0.069877 seconds 
========================================================================
Received Import Request.
  Time since last request: 0.000032 seconds.
  path: Assets/Prefabs/spacekit_2/Models/FBX format/pipe_corner.fbx
  artifactKey: Guid(6adad7f9c128c904baebe68691fb4304) Importer(815301076,1909f56bfc062723c751e8b465ee728b)
Start importing Assets/Prefabs/spacekit_2/Models/FBX format/pipe_corner.fbx using Guid(6adad7f9c128c904baebe68691fb4304) Importer(815301076,1909f56bfc062723c751e8b465ee728b)  -> (artifact id: '10061c97b362703026eb43628304c799') in 0.059169 seconds 
========================================================================
Received Import Request.
  Time since last request: 0.000037 seconds.
  path: Assets/Prefabs/spacekit_2/Models/FBX format/monorail_trackSlope.fbx
  artifactKey: Guid(e251054347c2c244597f491d0de6fd67) Importer(815301076,1909f56bfc062723c751e8b465ee728b)
Start importing Assets/Prefabs/spacekit_2/Models/FBX format/monorail_trackSlope.fbx using Guid(e251054347c2c244597f491d0de6fd67) Importer(815301076,1909f56bfc062723c751e8b465ee728b)  -> (artifact id: '3b935c0feb65ec4f86394a710a70a2f6') in 0.050987 seconds 
========================================================================
Received Import Request.
  Time since last request: 0.000044 seconds.
  path: Assets/Prefabs/spacekit_2/Models/FBX format/desk_computerCorner.fbx
  artifactKey: Guid(0dbc45897b3951e47a232a9d1026e3c5) Importer(815301076,1909f56bfc062723c751e8b465ee728b)
Start importing Assets/Prefabs/spacekit_2/Models/FBX format/desk_computerCorner.fbx using Guid(0dbc45897b3951e47a232a9d1026e3c5) Importer(815301076,1909f56bfc062723c751e8b465ee728b)  -> (artifact id: '8e1017387f1d0c7e41c887cd3631b835') in 0.065425 seconds 
========================================================================
Received Import Request.
  Time since last request: 0.000031 seconds.
  path: Assets/Prefabs/spacekit_2/Models/OBJ format/hangar_largeB.obj
  artifactKey: Guid(ca44ddfa2c62b83428539dc6bde69131) Importer(815301076,1909f56bfc062723c751e8b465ee728b)
Start importing Assets/Prefabs/spacekit_2/Models/OBJ format/hangar_largeB.obj using Guid(ca44ddfa2c62b83428539dc6bde69131) Importer(815301076,1909f56bfc062723c751e8b465ee728b)  -> (artifact id: '90ef39782ffca3dad70fa5e038073ae8') in 0.101356 seconds 
========================================================================
Received Import Request.
  Time since last request: 0.000047 seconds.
  path: Assets/Prefabs/spacekit_2/Models/DAE format/rocket_baseA.dae
  artifactKey: Guid(3d5f54bcdecb7034ebaff7f53734f690) Importer(815301076,1909f56bfc062723c751e8b465ee728b)
Start importing Assets/Prefabs/spacekit_2/Models/DAE format/rocket_baseA.dae using Guid(3d5f54bcdecb7034ebaff7f53734f690) Importer(815301076,1909f56bfc062723c751e8b465ee728b)  -> (artifact id: 'ad0e57c696628a45d2a87674ff57c615') in 0.073750 seconds 
========================================================================
Received Import Request.
  Time since last request: 0.000036 seconds.
  path: Assets/Prefabs/spacekit_2/Models/FBX format/platform_small.fbx
  artifactKey: Guid(dcfd6fc9747579f47aba42ad00a568b8) Importer(815301076,1909f56bfc062723c751e8b465ee728b)
Start importing Assets/Prefabs/spacekit_2/Models/FBX format/platform_small.fbx using Guid(dcfd6fc9747579f47aba42ad00a568b8) Importer(815301076,1909f56bfc062723c751e8b465ee728b)  -> (artifact id: 'd563669c79f001cff03599cd2173206c') in 0.069005 seconds 
========================================================================
Received Import Request.
  Time since last request: 0.000051 seconds.
  path: Assets/Prefabs/spacekit_2/Models/FBX format/desk_chair.fbx
  artifactKey: Guid(21c7883e5dfbdf347b15b41c38c84c98) Importer(815301076,1909f56bfc062723c751e8b465ee728b)
Start importing Assets/Prefabs/spacekit_2/Models/FBX format/desk_chair.fbx using Guid(21c7883e5dfbdf347b15b41c38c84c98) Importer(815301076,1909f56bfc062723c751e8b465ee728b)  -> (artifact id: '8619992f8379aececdc42f9bf2a53c35') in 0.058206 seconds 
========================================================================
Received Import Request.
  Time since last request: 0.000067 seconds.
  path: Assets/Prefabs/spacekit_2/Models/OBJ format/monorail_trackSupportCorner.obj
  artifactKey: Guid(230c63bb9c217fe468b0c3951474c092) Importer(815301076,1909f56bfc062723c751e8b465ee728b)
Start importing Assets/Prefabs/spacekit_2/Models/OBJ format/monorail_trackSupportCorner.obj using Guid(230c63bb9c217fe468b0c3951474c092) Importer(815301076,1909f56bfc062723c751e8b465ee728b)  -> (artifact id: '8b3d4b41fcebd412d08aef80ce2fb4ce') in 0.072973 seconds 
========================================================================
Received Import Request.
  Time since last request: 0.000029 seconds.
  path: Assets/Prefabs/spacekit_2/Models/OBJ format/desk_computer.obj
  artifactKey: Guid(b3ae815bb62663d4d907201a0e1ff487) Importer(815301076,1909f56bfc062723c751e8b465ee728b)
Start importing Assets/Prefabs/spacekit_2/Models/OBJ format/desk_computer.obj using Guid(b3ae815bb62663d4d907201a0e1ff487) Importer(815301076,1909f56bfc062723c751e8b465ee728b)  -> (artifact id: 'f7996b7349682e23472633c659ea7918') in 0.077122 seconds 
========================================================================
Received Import Request.
  Time since last request: 0.000042 seconds.
  path: Assets/Prefabs/spacekit_2/Models/OBJ format/rocket_fuelA.obj
  artifactKey: Guid(f24e15a980f64154fb001c4323b9194e) Importer(815301076,1909f56bfc062723c751e8b465ee728b)
Start importing Assets/Prefabs/spacekit_2/Models/OBJ format/rocket_fuelA.obj using Guid(f24e15a980f64154fb001c4323b9194e) Importer(815301076,1909f56bfc062723c751e8b465ee728b)  -> (artifact id: '4fbe1ca8d84e27d8d09b5d8516e2a515') in 0.068986 seconds 
========================================================================
Received Import Request.
  Time since last request: 0.000043 seconds.
  path: Assets/Prefabs/spacekit_2/Models/OBJ format/rocket_baseA.obj
  artifactKey: Guid(f7749870768149243835a739455b69ed) Importer(815301076,1909f56bfc062723c751e8b465ee728b)
Start importing Assets/Prefabs/spacekit_2/Models/OBJ format/rocket_baseA.obj using Guid(f7749870768149243835a739455b69ed) Importer(815301076,1909f56bfc062723c751e8b465ee728b)  -> (artifact id: 'a056343f67497ee14cb124554caec394') in 0.076369 seconds 
========================================================================
Received Import Request.
  Time since last request: 0.000037 seconds.
  path: Assets/Prefabs/spacekit_2/Models/DAE format/astronautB.dae
  artifactKey: Guid(9307ee0e2fe603b4cba5f10ec631f492) Importer(815301076,1909f56bfc062723c751e8b465ee728b)
Start importing Assets/Prefabs/spacekit_2/Models/DAE format/astronautB.dae using Guid(9307ee0e2fe603b4cba5f10ec631f492) Importer(815301076,1909f56bfc062723c751e8b465ee728b)  -> (artifact id: '8aa6996d2d1b8b3ad8f70601e222caae') in 0.193684 seconds 
========================================================================
Received Import Request.
  Time since last request: 0.000033 seconds.
  path: Assets/Prefabs/spacekit_2/Models/FBX format/machine_generatorLarge.fbx
  artifactKey: Guid(80b06082ae69c0544bbaf21648b54a2f) Importer(815301076,1909f56bfc062723c751e8b465ee728b)
Start importing Assets/Prefabs/spacekit_2/Models/FBX format/machine_generatorLarge.fbx using Guid(80b06082ae69c0544bbaf21648b54a2f) Importer(815301076,1909f56bfc062723c751e8b465ee728b)  -> (artifact id: '2eeff56a5860db39ccaea4972151bec5') in 0.076386 seconds 
========================================================================
Received Import Request.
  Time since last request: 0.000039 seconds.
  path: Assets/Prefabs/spacekit_2/Models/DAE format/weapon_rifle.dae
  artifactKey: Guid(1d51d26d48863d54c87a6e1004ae6552) Importer(815301076,1909f56bfc062723c751e8b465ee728b)
Start importing Assets/Prefabs/spacekit_2/Models/DAE format/weapon_rifle.dae using Guid(1d51d26d48863d54c87a6e1004ae6552) Importer(815301076,1909f56bfc062723c751e8b465ee728b)  -> (artifact id: '1c39e7f3026ea713e2a39e1a90497988') in 0.082993 seconds 
========================================================================
Received Import Request.
  Time since last request: 0.000030 seconds.
  path: Assets/Prefabs/spacekit_2/Models/OBJ format/rocket_sidesB.obj
  artifactKey: Guid(1bfaaa4abb31219429f4578513e17aea) Importer(815301076,1909f56bfc062723c751e8b465ee728b)
Start importing Assets/Prefabs/spacekit_2/Models/OBJ format/rocket_sidesB.obj using Guid(1bfaaa4abb31219429f4578513e17aea) Importer(815301076,1909f56bfc062723c751e8b465ee728b)  -> (artifact id: 'c566e8a3df685b4070aacd8986baeb4d') in 0.071044 seconds 
========================================================================
Received Import Request.
  Time since last request: 0.009376 seconds.
  path: Assets/Prefabs/spacekit_2/Models/FBX format/hangar_smallA.fbx
  artifactKey: Guid(9257d1428f7237c488c2984c4364f701) Importer(815301076,1909f56bfc062723c751e8b465ee728b)
Start importing Assets/Prefabs/spacekit_2/Models/FBX format/hangar_smallA.fbx using Guid(9257d1428f7237c488c2984c4364f701) Importer(815301076,1909f56bfc062723c751e8b465ee728b)  -> (artifact id: '635244a9f6889d9adcdd33ea22c83613') in 0.122241 seconds 
========================================================================
Received Import Request.
  Time since last request: 0.000037 seconds.
  path: Assets/Prefabs/spacekit_2/Models/FBX format/hangar_roundB.fbx
  artifactKey: Guid(ef63e1d629d46194c998ef1a3667c46a) Importer(815301076,1909f56bfc062723c751e8b465ee728b)
Start importing Assets/Prefabs/spacekit_2/Models/FBX format/hangar_roundB.fbx using Guid(ef63e1d629d46194c998ef1a3667c46a) Importer(815301076,1909f56bfc062723c751e8b465ee728b)  -> (artifact id: '1018450ef146120e4eaacd96fdff11de') in 0.066574 seconds 
========================================================================
Received Import Request.
  Time since last request: 0.000044 seconds.
  path: Assets/Prefabs/spacekit_2/Models/OBJ format/monorail_trainCargo.obj
  artifactKey: Guid(5fbf4ae337ee6be4e8862d96fd8f8ae0) Importer(815301076,1909f56bfc062723c751e8b465ee728b)
Start importing Assets/Prefabs/spacekit_2/Models/OBJ format/monorail_trainCargo.obj using Guid(5fbf4ae337ee6be4e8862d96fd8f8ae0) Importer(815301076,1909f56bfc062723c751e8b465ee728b)  -> (artifact id: '49d5909c40e0ef826998c9d6c6f4e143') in 0.130588 seconds 
========================================================================
Received Import Request.
  Time since last request: 0.470616 seconds.
  path: Assets/Prefabs/spacekit_2/Models/FBX format/rail.fbx
  artifactKey: Guid(e291646f36b1e08429d09aedd8ddbc14) Importer(815301076,1909f56bfc062723c751e8b465ee728b)
Start importing Assets/Prefabs/spacekit_2/Models/FBX format/rail.fbx using Guid(e291646f36b1e08429d09aedd8ddbc14) Importer(815301076,1909f56bfc062723c751e8b465ee728b)  -> (artifact id: '991b1d11b08840f9f8e543c3b73829c0') in 0.067838 seconds 
========================================================================
Received Import Request.
  Time since last request: 0.029337 seconds.
  path: Assets/Prefabs/spacekit_2/Models/FBX format/rocket_topB.fbx
  artifactKey: Guid(a29d2242000ae324aa795eee990c2ac5) Importer(815301076,1909f56bfc062723c751e8b465ee728b)
Start importing Assets/Prefabs/spacekit_2/Models/FBX format/rocket_topB.fbx using Guid(a29d2242000ae324aa795eee990c2ac5) Importer(815301076,1909f56bfc062723c751e8b465ee728b)  -> (artifact id: 'fc9ca02df577c5faa0a1c4d174dd930a') in 0.060655 seconds 
========================================================================
Received Import Request.
  Time since last request: 0.550487 seconds.
  path: Assets/Prefabs/spacekit_2/Models/OBJ format/craft_speederC.obj
  artifactKey: Guid(ef5e18edc531f8945baea49a6eaa21e6) Importer(815301076,1909f56bfc062723c751e8b465ee728b)
Start importing Assets/Prefabs/spacekit_2/Models/OBJ format/craft_speederC.obj using Guid(ef5e18edc531f8945baea49a6eaa21e6) Importer(815301076,1909f56bfc062723c751e8b465ee728b)  -> (artifact id: '39e3caacb102eabf3706b94f05967566') in 0.085685 seconds 
========================================================================
Received Import Request.
  Time since last request: 0.000027 seconds.
  path: Assets/Prefabs/spacekit_2/Models/OBJ format/craft_speederB.obj
  artifactKey: Guid(89ceee7f570ec2248926166085f788be) Importer(815301076,1909f56bfc062723c751e8b465ee728b)
Start importing Assets/Prefabs/spacekit_2/Models/OBJ format/craft_speederB.obj using Guid(89ceee7f570ec2248926166085f788be) Importer(815301076,1909f56bfc062723c751e8b465ee728b)  -> (artifact id: 'e76924d5ca49f64940b6cdeedd62a424') in 0.084532 seconds 
========================================================================
Received Import Request.
  Time since last request: 0.000041 seconds.
  path: Assets/Prefabs/spacekit_2/Models/DAE format/rocket_topB.dae
  artifactKey: Guid(7c649fa7038243c47b9096e8cf6a7855) Importer(815301076,1909f56bfc062723c751e8b465ee728b)
Start importing Assets/Prefabs/spacekit_2/Models/DAE format/rocket_topB.dae using Guid(7c649fa7038243c47b9096e8cf6a7855) Importer(815301076,1909f56bfc062723c751e8b465ee728b)  -> (artifact id: 'f9b153c5cd4779697e2b5ea17eaf3098') in 0.065085 seconds 
========================================================================
Received Import Request.
  Time since last request: 0.177511 seconds.
  path: Assets/Prefabs/spacekit_2/Models/DAE format/monorail_trainFlat.dae
  artifactKey: Guid(7e373dd171293304e9691b2c395e0ff5) Importer(815301076,1909f56bfc062723c751e8b465ee728b)
Start importing Assets/Prefabs/spacekit_2/Models/DAE format/monorail_trainFlat.dae using Guid(7e373dd171293304e9691b2c395e0ff5) Importer(815301076,1909f56bfc062723c751e8b465ee728b)  -> (artifact id: '05b889f83cb3dd0253e16479267268d6') in 0.069977 seconds 
========================================================================
Received Import Request.
  Time since last request: 0.000052 seconds.
  path: Assets/Prefabs/spacekit_2/Models/DAE format/desk_chairStool.dae
  artifactKey: Guid(9ce6c66e87f2a0948a0171cd011324a5) Importer(815301076,1909f56bfc062723c751e8b465ee728b)
Start importing Assets/Prefabs/spacekit_2/Models/DAE format/desk_chairStool.dae using Guid(9ce6c66e87f2a0948a0171cd011324a5) Importer(815301076,1909f56bfc062723c751e8b465ee728b)  -> (artifact id: '0fb707fda2e1029d02400106b896e465') in 0.054150 seconds 
========================================================================
Received Import Request.
  Time since last request: 0.078188 seconds.
  path: Assets/TextMesh Pro/Examples & Extras/Resources/Fonts & Materials/Oswald Bold SDF.asset
  artifactKey: Guid(0161d805a3764c089bef00bfe00793f5) Importer(815301076,1909f56bfc062723c751e8b465ee728b)
Start importing Assets/TextMesh Pro/Examples & Extras/Resources/Fonts & Materials/Oswald Bold SDF.asset using Guid(0161d805a3764c089bef00bfe00793f5) Importer(815301076,1909f56bfc062723c751e8b465ee728b)  -> (artifact id: 'e7aeffc2e306c4da95008373273cea9a') in 0.071535 seconds 
========================================================================
Received Import Request.
  Time since last request: 0.024604 seconds.
  path: Assets/Prefabs/spacekit_2/Models/OBJ format/rocks_smallB.obj
  artifactKey: Guid(32afcdc56ef9c2a448ab1944d5c97a89) Importer(815301076,1909f56bfc062723c751e8b465ee728b)
Start importing Assets/Prefabs/spacekit_2/Models/OBJ format/rocks_smallB.obj using Guid(32afcdc56ef9c2a448ab1944d5c97a89) Importer(815301076,1909f56bfc062723c751e8b465ee728b)  -> (artifact id: '54bd2618b04a60cd6a45e068042b4582') in 0.063490 seconds 
========================================================================
Received Import Request.
  Time since last request: 0.000051 seconds.
  path: Assets/Prefabs/spacekit_2/Models/OBJ format/terrain_rampLarge.obj
  artifactKey: Guid(58c52d34ca9e9aa47b7e8f93f24ba1d5) Importer(815301076,1909f56bfc062723c751e8b465ee728b)
Start importing Assets/Prefabs/spacekit_2/Models/OBJ format/terrain_rampLarge.obj using Guid(58c52d34ca9e9aa47b7e8f93f24ba1d5) Importer(815301076,1909f56bfc062723c751e8b465ee728b)  -> (artifact id: '1115a19e474e9193c4be2e6fd711c8c4') in 0.078450 seconds 
========================================================================
Received Import Request.
  Time since last request: 0.000049 seconds.
  path: Assets/Prefabs/spacekit_2/Models/DAE format/terrain_roadSplit.dae
  artifactKey: Guid(9c4428b985519704ea82ce68a89babed) Importer(815301076,1909f56bfc062723c751e8b465ee728b)
Start importing Assets/Prefabs/spacekit_2/Models/DAE format/terrain_roadSplit.dae using Guid(9c4428b985519704ea82ce68a89babed) Importer(815301076,1909f56bfc062723c751e8b465ee728b)  -> (artifact id: 'd8376c3d1b41fbdf4762e1267a1eae95') in 0.056106 seconds 
========================================================================
Received Import Request.
  Time since last request: 0.000027 seconds.
  path: Assets/Prefabs/spacekit_2/Models/FBX format/rock.fbx
  artifactKey: Guid(f86f9e18c8821414189ca5ba864c7010) Importer(815301076,1909f56bfc062723c751e8b465ee728b)
Start importing Assets/Prefabs/spacekit_2/Models/FBX format/rock.fbx using Guid(f86f9e18c8821414189ca5ba864c7010) Importer(815301076,1909f56bfc062723c751e8b465ee728b)  -> (artifact id: 'f2580713d51ae391a6a2db71a07dfa34') in 0.059726 seconds 
========================================================================
Received Import Request.
  Time since last request: 0.000031 seconds.
  path: Assets/Prefabs/spacekit_2/Models/FBX format/rock_crystals.fbx
  artifactKey: Guid(9ff07a26c6cc5684f8cfdcd5a24890c6) Importer(815301076,1909f56bfc062723c751e8b465ee728b)
Start importing Assets/Prefabs/spacekit_2/Models/FBX format/rock_crystals.fbx using Guid(9ff07a26c6cc5684f8cfdcd5a24890c6) Importer(815301076,1909f56bfc062723c751e8b465ee728b)  -> (artifact id: 'e020b36ea7b56d1c68f824f1fb8bee34') in 0.078308 seconds 
========================================================================
Received Import Request.
  Time since last request: 0.000029 seconds.
  path: Assets/Prefabs/spacekit_2/Models/FBX format/terrain_rampLarge.fbx
  artifactKey: Guid(8d9c20f1c3d9e6241bb7fd7edb5d382c) Importer(815301076,1909f56bfc062723c751e8b465ee728b)
Start importing Assets/Prefabs/spacekit_2/Models/FBX format/terrain_rampLarge.fbx using Guid(8d9c20f1c3d9e6241bb7fd7edb5d382c) Importer(815301076,1909f56bfc062723c751e8b465ee728b)  -> (artifact id: 'c621ed2784c6301e604b8dbb6c9e8ad1') in 0.059096 seconds 
========================================================================
Received Import Request.
  Time since last request: 0.000037 seconds.
  path: Assets/Prefabs/spacekit_2/Models/FBX format/terrain_side.fbx
  artifactKey: Guid(014bb1e8a5a677348bb62534b6bc7070) Importer(815301076,1909f56bfc062723c751e8b465ee728b)
Start importing Assets/Prefabs/spacekit_2/Models/FBX format/terrain_side.fbx using Guid(014bb1e8a5a677348bb62534b6bc7070) Importer(815301076,1909f56bfc062723c751e8b465ee728b)  -> (artifact id: '4d4be12a300cd0cbb157a55d3a01fb1d') in 0.036901 seconds 
========================================================================
Received Import Request.
  Time since last request: 0.278881 seconds.
  path: Assets/Prefabs/spacekit_2/Models/DAE format/terrain_roadCross.dae
  artifactKey: Guid(c52295254da394a448245a487b3d0a91) Importer(815301076,1909f56bfc062723c751e8b465ee728b)
Start importing Assets/Prefabs/spacekit_2/Models/DAE format/terrain_roadCross.dae using Guid(c52295254da394a448245a487b3d0a91) Importer(815301076,1909f56bfc062723c751e8b465ee728b)  -> (artifact id: '1c0f111547788256bbd8507fc4e5d3c5') in 0.054604 seconds 
========================================================================
Received Import Request.
  Time since last request: 0.000034 seconds.
  path: Assets/Prefabs/spacekit_2/Models/FBX format/rocks_smallA.fbx
  artifactKey: Guid(27b1ede6c1da3864394395d3594ba0f1) Importer(815301076,1909f56bfc062723c751e8b465ee728b)
Start importing Assets/Prefabs/spacekit_2/Models/FBX format/rocks_smallA.fbx using Guid(27b1ede6c1da3864394395d3594ba0f1) Importer(815301076,1909f56bfc062723c751e8b465ee728b)  -> (artifact id: '67f81287e5c4d9e7e93194aea02255e8') in 0.039700 seconds 
========================================================================
Received Import Request.
  Time since last request: 0.096328 seconds.
  path: Assets/Prefabs/spacekit_2/Models/OBJ format/terrain_sideCornerInner.obj
  artifactKey: Guid(94ee9ef4766bc7849bdfb3af90e5f2ef) Importer(815301076,1909f56bfc062723c751e8b465ee728b)
Start importing Assets/Prefabs/spacekit_2/Models/OBJ format/terrain_sideCornerInner.obj using Guid(94ee9ef4766bc7849bdfb3af90e5f2ef) Importer(815301076,1909f56bfc062723c751e8b465ee728b)  -> (artifact id: '491d9c262630e8213fed3ad7563b901a') in 0.069666 seconds 
========================================================================
Received Import Request.
  Time since last request: 0.942752 seconds.
  path: Assets/Prefabs/spacekit_2/Models/DAE format/terrain.dae
  artifactKey: Guid(1351e2b8eec886540acfa3cdd34e0cc8) Importer(815301076,1909f56bfc062723c751e8b465ee728b)
Start importing Assets/Prefabs/spacekit_2/Models/DAE format/terrain.dae using Guid(1351e2b8eec886540acfa3cdd34e0cc8) Importer(815301076,1909f56bfc062723c751e8b465ee728b)  -> (artifact id: '0d3dae46716c7c53b9afc03643d32365') in 0.048559 seconds 
========================================================================
Received Import Request.
  Time since last request: 0.000064 seconds.
  path: Assets/Prefabs/spacekit_2/Models/FBX format/terrain.fbx
  artifactKey: Guid(485ef3cb1f0a8f64ea823f15d91f63b7) Importer(815301076,1909f56bfc062723c751e8b465ee728b)
Start importing Assets/Prefabs/spacekit_2/Models/FBX format/terrain.fbx using Guid(485ef3cb1f0a8f64ea823f15d91f63b7) Importer(815301076,1909f56bfc062723c751e8b465ee728b)  -> (artifact id: '3e1b60cf28d6ec0a58e8687e89eed9d9') in 0.037397 seconds 
========================================================================
Received Import Request.
  Time since last request: 7.661947 seconds.
  path: Assets/Prefabs/spacekit_2/Models/DAE format/craterLarge.dae
  artifactKey: Guid(95c97268c261dd54085cf24f2d9a8b40) Importer(815301076,1909f56bfc062723c751e8b465ee728b)
Start importing Assets/Prefabs/spacekit_2/Models/DAE format/craterLarge.dae using Guid(95c97268c261dd54085cf24f2d9a8b40) Importer(815301076,1909f56bfc062723c751e8b465ee728b)  -> (artifact id: 'ed438e34c4335f1870e5c4c6e91de0ba') in 0.062702 seconds 
========================================================================
Received Import Request.
  Time since last request: 0.000070 seconds.
  path: Assets/Prefabs/spacekit_2/Models/DAE format/rock_largeA.dae
  artifactKey: Guid(4e7ae2f0cdaa1014fa231ca054cf1a07) Importer(815301076,1909f56bfc062723c751e8b465ee728b)
Start importing Assets/Prefabs/spacekit_2/Models/DAE format/rock_largeA.dae using Guid(4e7ae2f0cdaa1014fa231ca054cf1a07) Importer(815301076,1909f56bfc062723c751e8b465ee728b)  -> (artifact id: '772dccd01ff1d524a20bb0a6b6985122') in 0.060420 seconds 
========================================================================
Received Import Request.
  Time since last request: 0.000033 seconds.
  path: Assets/Prefabs/spacekit_2/Models/OBJ format/craterLarge.obj
  artifactKey: Guid(64a75ab4c16fa534aa16a900ce32c3e0) Importer(815301076,1909f56bfc062723c751e8b465ee728b)
Start importing Assets/Prefabs/spacekit_2/Models/OBJ format/craterLarge.obj using Guid(64a75ab4c16fa534aa16a900ce32c3e0) Importer(815301076,1909f56bfc062723c751e8b465ee728b)  -> (artifact id: 'e0cb4e2de598d8df8994b4d4937aeb38') in 0.062588 seconds 
========================================================================
Received Import Request.
  Time since last request: 0.000038 seconds.
  path: Assets/Prefabs/spacekit_2/Models/OBJ format/rock.obj
  artifactKey: Guid(b046372bafe6d08488066c2dd07c60ea) Importer(815301076,1909f56bfc062723c751e8b465ee728b)
Start importing Assets/Prefabs/spacekit_2/Models/OBJ format/rock.obj using Guid(b046372bafe6d08488066c2dd07c60ea) Importer(815301076,1909f56bfc062723c751e8b465ee728b)  -> (artifact id: '95a51447c4647b983c741ba4dfd9fd9e') in 0.071363 seconds 
========================================================================
Received Import Request.
  Time since last request: 0.000029 seconds.
  path: Assets/TextMesh Pro/Examples & Extras/Materials/Small Crate_diffuse.mat
  artifactKey: Guid(22262639920f43d6be32430e4e58350d) Importer(815301076,1909f56bfc062723c751e8b465ee728b)
Start importing Assets/TextMesh Pro/Examples & Extras/Materials/Small Crate_diffuse.mat using Guid(22262639920f43d6be32430e4e58350d) Importer(815301076,1909f56bfc062723c751e8b465ee728b)  -> (artifact id: '1f96e7959c51367ddf67d533068871be') in 0.049428 seconds 
Editor requested this worker to shutdown with reason: Scaling down because of idle timeout
AssetImportWorker is now disconnected from the server
Process exiting
Exiting without the bug reporter. Application will terminate with return code 0